Log file open, 07/27/18 21:57:56
LogWindows: Failed to load 'aqProf.dll' (GetLastError=126)
LogWindows: File 'aqProf.dll' does not exist
LogWindows: Failed to load 'VSPerf140.dll' (GetLastError=126)
LogWindows: File 'VSPerf140.dll' does not exist
LogWindows: Failed to load 'VtuneApi.dll' (GetLastError=126)
LogWindows: File 'VtuneApi.dll' does not exist
LogWindows: Failed to load 'VtuneApi32e.dll' (GetLastError=126)
LogWindows: File 'VtuneApi32e.dll' does not exist
LogInit: Display: Running engine for game: Amber
LogPlatformFile: Not using cached read wrapper
LogTaskGraph: Started task graph with 5 named threads and 47 total threads with 3 sets of task threads.
LogStats: Stats thread started at 1.205312
LogD3D11RHI: Loaded GFSDK_Aftermath_Lib.x64.dll
LogICUInternationalization: Display: ICU TimeZone Detection - Raw Offset: +9:00, Platform Override: ''
LogPluginManager: Mounting plugin Paper2D
LogPluginManager: Mounting plugin AISupport
LogPluginManager: Mounting plugin LightPropagationVolume
LogPluginManager: Mounting plugin CLionSourceCodeAccess
LogPluginManager: Mounting plugin CodeLiteSourceCodeAccess
LogPluginManager: Mounting plugin GitSourceControl
LogPluginManager: Mounting plugin KDevelopSourceCodeAccess
LogPluginManager: Mounting plugin NullSourceCodeAccess
LogPluginManager: Mounting plugin PerforceSourceControl
LogPluginManager: Mounting plugin SubversionSourceControl
LogPluginManager: Mounting plugin UObjectPlugin
LogPluginManager: Mounting plugin VisualStudioCodeSourceCodeAccess
LogPluginManager: Mounting plugin VisualStudioSourceCodeAccess
LogPluginManager: Mounting plugin XCodeSourceCodeAccess
LogPluginManager: Mounting plugin AssetManagerEditor
LogPluginManager: Mounting plugin CryptoKeys
LogPluginManager: Mounting plugin DataValidation
LogPluginManager: Mounting plugin FacialAnimation
LogPluginManager: Mounting plugin GameplayTagsEditor
LogPluginManager: Mounting plugin MacGraphicsSwitching
LogPluginManager: Mounting plugin MeshEditor
LogPluginManager: Mounting plugin MobileLauncherProfileWizard
LogPluginManager: Mounting plugin PluginBrowser
LogPluginManager: Mounting plugin SpeedTreeImporter
LogPluginManager: Mounting plugin DatasmithContent
LogPluginManager: Mounting plugin AlembicImporter
LogPluginManager: Mounting plugin AppleImageUtils
LogPluginManager: Mounting plugin AppleVision
LogPluginManager: Mounting plugin BackChannel
LogPluginManager: Mounting plugin CharacterAI
LogPluginManager: Mounting plugin GeometryCache
LogPluginManager: Mounting plugin HTML5Networking
LogPluginManager: Mounting plugin ProxyLODPlugin
LogPluginManager: Mounting plugin MagicLeap
LogPluginManager: Mounting plugin MagicLeapEmulator
LogPluginManager: Mounting plugin MagicLeapMedia
LogPluginManager: Mounting plugin AndroidMedia
LogPluginManager: Mounting plugin AvfMedia
LogPluginManager: Mounting plugin ImgMedia
LogPluginManager: Mounting plugin LinearTimecode
LogPluginManager: Mounting plugin MediaCompositing
LogPluginManager: Mounting plugin MediaPlayerEditor
LogPluginManager: Mounting plugin WmfMedia
LogPluginManager: Mounting plugin TcpMessaging
LogPluginManager: Mounting plugin UdpMessaging
LogPluginManager: Mounting plugin ActorSequence
LogPluginManager: Mounting plugin LevelSequenceEditor
LogPluginManager: Mounting plugin MatineeToLevelSequence
LogPluginManager: Mounting plugin NetcodeUnitTest
LogPluginManager: Mounting plugin NUTUnrealEngine4
LogPluginManager: Mounting plugin OnlineSubsystemGooglePlay
LogPluginManager: Mounting plugin OnlineSubsystemIOS
LogPluginManager: Mounting plugin OnlineSubsystem
LogPluginManager: Mounting plugin OnlineSubsystemNull
LogPluginManager: Mounting plugin OnlineSubsystemUtils
LogPluginManager: Mounting plugin LauncherChunkInstaller
LogPluginManager: Mounting plugin AndroidDeviceProfileSelector
LogPluginManager: Mounting plugin AndroidMoviePlayer
LogPluginManager: Mounting plugin AndroidPermission
LogPluginManager: Mounting plugin AppleMoviePlayer
LogPluginManager: Mounting plugin ArchVisCharacter
LogPluginManager: Mounting plugin AudioCapture
LogPluginManager: Mounting plugin CableComponent
LogPluginManager: Mounting plugin CustomMeshComponent
LogPluginManager: Mounting plugin EditableMesh
LogPluginManager: Mounting plugin ExampleDeviceProfileSelector
LogPluginManager: Mounting plugin GoogleCloudMessaging
LogPluginManager: Mounting plugin ImmediatePhysics
LogPluginManager: Mounting plugin IOSDeviceProfileSelector
LogPluginManager: Mounting plugin LinuxDeviceProfileSelector
LogPluginManager: Mounting plugin LocationServicesBPLibrary
LogPluginManager: Mounting plugin MobilePatchingUtils
LogPluginManager: Mounting plugin OculusVR
LogPluginManager: Plugin shader directory ../../../Engine/Plugins/Runtime/Oculus/OculusVR/Shaders found
LogPluginManager: Mapping shader source directory ../../../Engine/Plugins/Runtime/Oculus/OculusVR/Shaders to virtual directory /Plugin/OculusVR
LogPluginManager: Mounting plugin PhysXVehicles
LogPluginManager: Mounting plugin ProceduralMeshComponent
LogPluginManager: Mounting plugin RuntimePhysXCooking
LogPluginManager: Mounting plugin SteamVR
LogPluginManager: Mounting plugin WindowsMoviePlayer
LogStreaming: Display: Took  0.194s to configure plugins.
LogInit: Using libcurl 7.55.1-DEV
LogInit:  - built for x86_64-pc-win32
LogInit:  - supports SSL with OpenSSL/1.0.2h
LogInit:  - supports HTTP deflate (compression) using libz 1.2.8
LogInit:  - other features:
LogInit:      CURL_VERSION_SSL
LogInit:      CURL_VERSION_LIBZ
LogInit:      CURL_VERSION_IPV6
LogInit:      CURL_VERSION_ASYNCHDNS
LogInit:      CURL_VERSION_LARGEFILE
LogInit:      CURL_VERSION_IDN
LogInit:  CurlRequestOptions (configurable via config and command line):
LogInit:  - bVerifyPeer = false  - Libcurl will NOT verify peer certificate
LogInit:  - bUseHttpProxy = false  - Libcurl will NOT use HTTP proxy
LogInit:  - bDontReuseConnections = false  - Libcurl will reuse connections
LogInit:  - CertBundlePath = nullptr  - Libcurl will use whatever was configured at build time.
LogInit:  - MaxHostConnections = 16  - Libcurl will limit the number of connections to a host
LogInit:  - LocalHostAddr = Default
LogInit:  - BufferSize = 65536
LogInit: WinSock: version 1.1 (2.2), MaxSocks=32767, MaxUdp=65467
LogInit: Build: ++UE4+Release-4.20-CL-4212847
LogInit: Engine Version: 4.20.0-4212847+++UE4+Release-4.20
LogInit: Compatible Engine Version: 4.20.0-4212847+++UE4+Release-4.20
LogInit: Net CL: 4212847
LogInit: OS: Windows 10 (), CPU: AMD Ryzen 7 1700 Eight-Core Processor          , GPU: Radeon RX480
LogInit: Compiled (64-bit): Jul 14 2018 09:51:14
LogInit: Compiled with Visual C++: 19.13.26129.00
LogInit: Build Configuration: Development
LogInit: Branch Name: ++UE4+Release-4.20
LogInit: Command Line:  -skipcompile
LogInit: Base Directory: C:/Program Files/Epic Games/UE_4.20/Engine/Binaries/Win64/
LogInit: Installed Engine Build: 1
LogDevObjectVersion: Number of dev versions registered: 20
LogDevObjectVersion:   Dev-Blueprints (B0D832E4-1F89-4F0D-ACCF-7EB736FD4AA2): 10
LogDevObjectVersion:   Dev-Build (E1C64328-A22C-4D53-A36C-8E866417BD8C): 0
LogDevObjectVersion:   Dev-Core (375EC13C-06E4-48FB-B500-84F0262A717E): 2
LogDevObjectVersion:   Dev-Editor (E4B068ED-F494-42E9-A231-DA0B2E46BB41): 24
LogDevObjectVersion:   Dev-Framework (CFFC743F-43B0-4480-9391-14DF171D2073): 34
LogDevObjectVersion:   Dev-Mobile (B02B49B5-BB20-44E9-A304-32B752E40360): 2
LogDevObjectVersion:   Dev-Networking (A4E4105C-59A1-49B5-A7C5-40C4547EDFEE): 0
LogDevObjectVersion:   Dev-Online (39C831C9-5AE6-47DC-9A44-9C173E1C8E7C): 0
LogDevObjectVersion:   Dev-Physics (78F01B33-EBEA-4F98-B9B4-84EACCB95AA2): 0
LogDevObjectVersion:   Dev-Platform (6631380F-2D4D-43E0-8009-CF276956A95A): 0
LogDevObjectVersion:   Dev-Rendering (12F88B9F-8875-4AFC-A67C-D90C383ABD29): 26
LogDevObjectVersion:   Dev-Sequencer (7B5AE74C-D270-4C10-A958-57980B212A5A): 9
LogDevObjectVersion:   Dev-VR (D7296918-1DD6-4BDD-9DE2-64A83CC13884): 2
LogDevObjectVersion:   Dev-LoadTimes (C2A15278-BFE7-4AFE-6C17-90FF531DF755): 1
LogDevObjectVersion:   Private-Geometry (6EACA3D4-40EC-4CC1-B786-8BED09428FC5): 3
LogDevObjectVersion:   Dev-AnimPhys (29E575DD-E0A3-4627-9D10-D276232CDCEA): 17
LogDevObjectVersion:   Dev-ReflectionCapture (6B266CEC-1EC7-4B8F-A30B-E4D90942FC07): 1
LogDevObjectVersion:   Dev-Automation (0DF73D61-A23F-47EA-B727-89E90C41499A): 1
LogDevObjectVersion:   FortniteMain (601D1886-AC64-4F84-AA16-D3DE0DEAC7D6): 12
LogDevObjectVersion:   Dev-Enterprise (9DFFBCD6-494F-0158-E221-12823C92A888): 1
LogStreaming: Display: Took  0.001s to delete old logs.
LogInit: Presizing for max 8388607 objects, including 0 objects not considered by GC, pre-allocating 0 bytes for permanent pool.
LogInit: Object subsystem initialized
[2018.07.27-12.57.56:939][  0]LogInit: Selected Device Profile: [Windows]
[2018.07.27-12.57.56:939][  0]LogInit: Applying CVar settings loaded from the selected device profile: [Windows]
[2018.07.27-12.57.56:974][  0]LogHAL: Display: Platform has ~ 8 GB [8524107776 / 8589934592 / 8], which maps to Default [LargestMinGB=32, LargerMinGB=12, DefaultMinGB=8, SmallerMinGB=6, SmallestMinGB=0)
[2018.07.27-12.57.56:974][  0]LogInit: Setting Device Profile CVar: [[r.Vulkan.UseRealUBs:1]]
[2018.07.27-12.57.56:975][  0]LogInit: Going up to parent DeviceProfile []
[2018.07.27-12.57.56:977][  0]LogInit: Computer: DESKTOP-EIA4T13
[2018.07.27-12.57.56:978][  0]LogInit: User: SO
[2018.07.27-12.57.56:978][  0]LogInit: CPU Page size=4096, Cores=8
[2018.07.27-12.57.56:978][  0]LogInit: High frequency timer resolution =2.924198 MHz
[2018.07.27-12.57.56:978][  0]LogMemory: Memory total: Physical=7.9GB (8GB approx)
[2018.07.27-12.57.56:979][  0]LogMemory: Platform Memory Stats for Windows
[2018.07.27-12.57.56:979][  0]LogMemory: Process Physical Memory: 101.82 MB used, 101.82 MB peak
[2018.07.27-12.57.56:979][  0]LogMemory: Process Virtual Memory: 92.75 MB used, 92.75 MB peak
[2018.07.27-12.57.56:979][  0]LogMemory: Physical Memory: 4267.52 MB used,  3861.70 MB free, 8129.22 MB total
[2018.07.27-12.57.56:979][  0]LogMemory: Virtual Memory: 4659.64 MB used,  3861.70 MB free, 134217728.00 MB total
[2018.07.27-12.57.57:275][  0]LogInit: Using OS detected language (ja-JP).
[2018.07.27-12.57.57:275][  0]LogInit: Using OS detected locale (ja-JP).
[2018.07.27-12.57.57:279][  0]LogTextLocalizationManager: No specific localization for 'ja-JP' exists, so the 'ja' localization will be used.
[2018.07.27-12.57.57:719][  0]LogStreaming: Display: Took  0.442s to InitEngineTextLocalization.
[2018.07.27-12.57.57:720][  0]LogInit: Setting process to per monitor DPI aware
[2018.07.27-12.57.57:810][  0]LogSlate: New Slate User Created.  User Index 0, Is Virtual User: 0
[2018.07.27-12.57.57:810][  0]LogSlate: Slate User Registered.  User Index 0, Is Virtual User: 0
[2018.07.27-12.57.58:309][  0]LogHMD: Failed to initialize OpenVR with code 110
[2018.07.27-12.57.58:309][  0]LogD3D11RHI: D3D11 adapters:
[2018.07.27-12.57.58:369][  0]LogD3D11RHI:    0. 'Radeon RX480' (Feature Level 11_0)
[2018.07.27-12.57.58:369][  0]LogD3D11RHI:       8140/0/4064 MB DedicatedVideo/DedicatedSystem/SharedSystem, Outputs:2, VendorId:0x1002
[2018.07.27-12.57.58:380][  0]LogD3D11RHI:    1. 'Microsoft Basic Render Driver' (Feature Level 11_0)
[2018.07.27-12.57.58:380][  0]LogD3D11RHI:       0/0/4064 MB DedicatedVideo/DedicatedSystem/SharedSystem, Outputs:0, VendorId:0x1414
[2018.07.27-12.57.58:380][  0]LogD3D11RHI: Chosen D3D11 Adapter: 0
[2018.07.27-12.57.58:396][  0]LogD3D11RHI: Creating new Direct3DDevice
[2018.07.27-12.57.58:396][  0]LogD3D11RHI:     GPU DeviceId: 0x67df (for the marketing name, search the web for "GPU Device Id")
[2018.07.27-12.57.58:397][  0]LogWindows: EnumDisplayDevices:
[2018.07.27-12.57.58:397][  0]LogWindows:    0. 'Radeon RX480' (P:0 D:1)
[2018.07.27-12.57.58:398][  0]LogWindows:    1. 'Radeon RX480' (P:1 D:1)
[2018.07.27-12.57.58:399][  0]LogWindows:    2. 'Radeon RX480' (P:0 D:0)
[2018.07.27-12.57.58:400][  0]LogWindows:    3. 'Radeon RX480' (P:0 D:0)
[2018.07.27-12.57.58:401][  0]LogWindows:    4. 'Radeon RX480' (P:0 D:0)
[2018.07.27-12.57.58:402][  0]LogWindows:    5. 'Radeon RX480' (P:0 D:0)
[2018.07.27-12.57.58:402][  0]LogWindows: DebugString: FoundDriverCount:6 
[2018.07.27-12.57.58:402][  0]LogD3D11RHI:     Adapter Name: Radeon RX480
[2018.07.27-12.57.58:403][  0]LogD3D11RHI:   Driver Version: Crimson ReLive 17.7 (internal:22.19.173.770, unified:22.19.173.770)
[2018.07.27-12.57.58:403][  0]LogD3D11RHI:      Driver Date: 7-31-2017
[2018.07.27-12.57.58:403][  0]LogRHI: Texture pool is 5698 MB (70% of 8140 MB)
[2018.07.27-12.57.58:588][  0]LogD3D11RHI: Async texture creation enabled
[2018.07.27-12.57.58:611][  0]LogD3D11RHI: GPU Timing Frequency: 25.000000 (Debug: 2 1)
[2018.07.27-12.57.58:615][  0]LogShaderCompilers: Guid format shader working directory is 30 characters bigger than the processId version (D:/UE4/Amber/Intermediate/Shaders/WorkingDirectory/15128/).
[2018.07.27-12.57.58:615][  0]LogShaderCompilers: Cleaned the shader compiler working directory 'C:/Users/SO/AppData/Local/Temp/UnrealShaderWorkingDir/189D99814F5719DDEF50CF814C191BE9/'.
[2018.07.27-12.57.59:126][  0]LogTemp: Display: Loaded TP AllDesktopTargetPlatform
[2018.07.27-12.57.59:173][  0]LogTemp: Display: Loaded TP MacClientTargetPlatform
[2018.07.27-12.57.59:206][  0]LogTemp: Display: Loaded TP MacNoEditorTargetPlatform
[2018.07.27-12.57.59:232][  0]LogTemp: Display: Loaded TP MacServerTargetPlatform
[2018.07.27-12.57.59:266][  0]LogTemp: Display: Loaded TP MacTargetPlatform
[2018.07.27-12.57.59:287][  0]LogTemp: Display: Loaded TP WindowsClientTargetPlatform
[2018.07.27-12.57.59:309][  0]LogTemp: Display: Loaded TP WindowsNoEditorTargetPlatform
[2018.07.27-12.57.59:331][  0]LogTemp: Display: Loaded TP WindowsServerTargetPlatform
[2018.07.27-12.57.59:344][  0]LogTemp: Display: Loaded TP WindowsTargetPlatform
[2018.07.27-12.57.59:463][  0]LogTemp: Display: Loaded TP AndroidTargetPlatform
[2018.07.27-12.57.59:463][  0]LogTemp: Display: Loaded TP AndroidTargetPlatform
[2018.07.27-12.57.59:463][  0]LogTemp: Display: Loaded TP AndroidTargetPlatform
[2018.07.27-12.57.59:463][  0]LogTemp: Display: Loaded TP AndroidTargetPlatform
[2018.07.27-12.57.59:463][  0]LogTemp: Display: Loaded TP AndroidTargetPlatform
[2018.07.27-12.57.59:463][  0]LogTemp: Display: Loaded TP AndroidTargetPlatform
[2018.07.27-12.57.59:463][  0]LogTemp: Display: Loaded TP AndroidTargetPlatform
[2018.07.27-12.57.59:463][  0]LogTemp: Display: Loaded TP AndroidTargetPlatform
[2018.07.27-12.57.59:464][  0]LogTemp: Display: Loaded TP AndroidTargetPlatform
[2018.07.27-12.57.59:464][  0]LogTemp: Display: Loaded TP AndroidTargetPlatform
[2018.07.27-12.57.59:464][  0]LogTemp: Display: Loaded TP AndroidTargetPlatform
[2018.07.27-12.57.59:464][  0]LogTemp: Display: Loaded TP AndroidTargetPlatform
[2018.07.27-12.57.59:464][  0]LogTemp: Display: Loaded TP AndroidTargetPlatform
[2018.07.27-12.57.59:464][  0]LogTemp: Display: Loaded TP AndroidTargetPlatform
[2018.07.27-12.57.59:464][  0]LogTemp: Display: Loaded TP AndroidTargetPlatform
[2018.07.27-12.57.59:464][  0]LogTemp: Display: Loaded TP AndroidTargetPlatform
[2018.07.27-12.57.59:464][  0]LogTemp: Display: Loaded TP AndroidTargetPlatform
[2018.07.27-12.57.59:464][  0]LogTemp: Display: Loaded TP AndroidTargetPlatform
[2018.07.27-12.57.59:472][  0]LogTemp: Display: Loaded TP HTML5TargetPlatform
[2018.07.27-12.57.59:570][  0]LogTemp: Display: Loaded TP IOSTargetPlatform
[2018.07.27-12.57.59:570][  0]LogTemp: Display: Loaded TP IOSTargetPlatform
[2018.07.27-12.57.59:639][  0]LogTemp: Display: Loaded TP TVOSTargetPlatform
[2018.07.27-12.57.59:639][  0]LogTemp: Display: Loaded TP TVOSTargetPlatform
[2018.07.27-12.57.59:680][  0]LogTemp: Display: Loaded TP LinuxClientTargetPlatform
[2018.07.27-12.57.59:702][  0]LogTemp: Display: Loaded TP LinuxNoEditorTargetPlatform
[2018.07.27-12.57.59:724][  0]LogTemp: Display: Loaded TP LinuxServerTargetPlatform
[2018.07.27-12.57.59:746][  0]LogTemp: Display: Loaded TP LinuxTargetPlatform
[2018.07.27-12.57.59:773][  0]LogTemp: Display: Loaded TP LuminTargetPlatform
[2018.07.27-12.57.59:773][  0]LogTargetPlatformManager: Display: Building Assets For Windows
[2018.07.27-12.58.00:007][  0]LogXGEController: Cleaning working directory: C:/Users/SO/AppData/Local/Temp/UnrealXGEWorkingDir/
[2018.07.27-12.58.00:008][  0]LogXGEController: Cannot use XGE Controller as Incredibuild is not installed on this machine.
[2018.07.27-12.58.00:008][  0]LogShaderCompilers: Cannot use XGE Shader Compiler as Incredibuild is not installed on this machine.
[2018.07.27-12.58.00:008][  0]LogShaderCompilers: Display: Using Local Shader Compiler.
[2018.07.27-12.58.01:207][  0]LogDerivedDataCache: Display: Max Cache Size: 512 MB
[2018.07.27-12.58.01:458][  0]LogDerivedDataCache: Loaded boot cache 0.25s 71MB C:/Users/SO/AppData/Local/UnrealEngine/4.20/DerivedDataCache/Boot.ddc.
[2018.07.27-12.58.01:460][  0]LogDerivedDataCache: Display: Loaded Boot cache: C:/Users/SO/AppData/Local/UnrealEngine/4.20/DerivedDataCache/Boot.ddc
[2018.07.27-12.58.01:460][  0]LogDerivedDataCache: FDerivedDataBackendGraph:  Pak pak cache file D:/UE4/Amber/DerivedDataCache/DDC.ddp not found, will not use a pak cache.
[2018.07.27-12.58.01:460][  0]LogDerivedDataCache: Unable to find inner node Pak for hierarchical cache Hierarchy.
[2018.07.27-12.58.01:460][  0]LogDerivedDataCache: FDerivedDataBackendGraph:  CompressedPak pak cache file D:/UE4/Amber/DerivedDataCache/Compressed.ddp not found, will not use a pak cache.
[2018.07.27-12.58.01:460][  0]LogDerivedDataCache: Unable to find inner node CompressedPak for hierarchical cache Hierarchy.
[2018.07.27-12.58.01:489][  0]LogDerivedDataCache: Display: Pak cache opened for reading ../../../Engine/DerivedDataCache/Compressed.ddp.
[2018.07.27-12.58.01:505][  0]LogDerivedDataCache: Using Local data cache path C:/Users/SO/AppData/Local/UnrealEngine/Common/DerivedDataCache: Writable
[2018.07.27-12.58.01:505][  0]LogDerivedDataCache: Shared data cache path not found in *engine.ini, will not use an Shared cache.
[2018.07.27-12.58.01:505][  0]LogDerivedDataCache: Unable to find inner node Shared for hierarchical cache Hierarchy.
[2018.07.27-12.58.01:551][  0]LogMaterial: Verifying Global Shaders for PCD3D_SM5
[2018.07.27-12.58.01:558][  0]LogSlate: Using FreeType 2.6.0
[2018.07.27-12.58.01:563][  0]LogSlate: SlateFontServices - WITH_FREETYPE: 1, WITH_HARFBUZZ: 1
[2018.07.27-12.58.01:738][  0]LogAssetRegistry: FAssetRegistry took 0.0336 seconds to start up
[2018.07.27-12.58.02:195][  0]LogInit: Selected Device Profile: [Windows]
[2018.07.27-12.58.02:365][  0]LogSimplygon: Simplygon DLL not present - disabling.
[2018.07.27-12.58.02:390][  0]LogMeshReduction: Using SimplygonSwarm for distributed automatic mesh merging
[2018.07.27-12.58.02:391][  0]LogMeshReduction: Using ProxyLODMeshReduction for automatic mesh merging
[2018.07.27-12.58.02:391][  0]LogMeshReduction: Using QuadricMeshReduction for automatic static mesh reduction
[2018.07.27-12.58.02:392][  0]LogMeshReduction: No automatic skeletal mesh reduction module available
[2018.07.27-12.58.02:523][  0]LogNetVersion: Amber 1.0.0, NetCL: 4212847, EngineNetVer: 5, GameNetVer: 0 (Checksum: 827830976)
[2018.07.27-12.58.03:489][  0]LogPackageLocalizationCache: Processed 11 localized package path(s) for 2 prioritized culture(s) in 0.126759 seconds
[2018.07.27-12.58.03:498][  0]LogUObjectArray: 38425 objects as part of root set at end of initial load.
[2018.07.27-12.58.03:498][  0]LogUObjectAllocator: 6690872 out of 0 bytes used by permanent object pool.
[2018.07.27-12.58.03:498][  0]LogUObjectArray: CloseDisregardForGC: 0/0 objects in disregard for GC pool
[2018.07.27-12.58.05:690][  0]LogTcpMessaging: Initializing TcpMessaging bridge
[2018.07.27-12.58.05:713][  0]LogUdpMessaging: Initializing bridge on interface 0.0.0.0:0 to multicast group 230.0.0.1:6666.
[2018.07.27-12.58.06:101][  0]SourceControl: ソースコントロールは無効です
[2018.07.27-12.58.06:101][  0]SourceControl: ソースコントロールは無効です
[2018.07.27-12.58.06:112][  0]SourceControl: ソースコントロールは無効です
[2018.07.27-12.58.06:119][  0]SourceControl: ソースコントロールは無効です
[2018.07.27-12.58.06:516][  0]LogAndroidPermission: UAndroidPermissionCallbackProxy::GetInstance
[2018.07.27-12.58.06:746][  0]LogOcInput: OculusInput pre-init called
[2018.07.27-12.58.06:902][  0]LogEngine: Initializing Engine...
[2018.07.27-12.58.06:904][  0]LogHMD: Failed to initialize OpenVR with code 110
[2018.07.27-12.58.06:907][  0]LogStats: UGameplayTagsManager::ConstructGameplayTagTree: ImportINI prefixes -  0.000 s
[2018.07.27-12.58.06:907][  0]LogStats: UGameplayTagsManager::ConstructGameplayTagTree: Construct from data asset -  0.000 s
[2018.07.27-12.58.06:908][  0]LogStats: UGameplayTagsManager::ConstructGameplayTagTree: ImportINI -  0.000 s
[2018.07.27-12.58.06:908][  0]LogStats: UGameplayTagsManager::ConstructGameplayTagTree: GameplayTagTreeChangedEvent.Broadcast -  0.000 s
[2018.07.27-12.58.07:180][  0]LogInit: Initializing FReadOnlyCVARCache
[2018.07.27-12.58.07:224][  0]LogAIModule: Creating AISystem for world Untitled
[2018.07.27-12.58.07:265][  0]LogInit: XAudio2 using 'スピーカー (SoundCore 2 Stereo)' : 2 channels at 44.1 kHz using 16 bits per sample (channel mask 0x3)
[2018.07.27-12.58.07:290][  0]LogInit: FAudioDevice initialized.
[2018.07.27-12.58.07:290][  0]LogNetVersion: Set ProjectVersion to 1.0.0.0. Version Checksum will be recalculated on next use.
[2018.07.27-12.58.07:360][  0]LogDerivedDataCache: Saved boot cache 0.07s 71MB C:/Users/SO/AppData/Local/UnrealEngine/4.20/DerivedDataCache/Boot.ddc.
[2018.07.27-12.58.07:360][  0]LogInit: Texture streaming: Enabled
[2018.07.27-12.58.07:403][  0]LogEngineSessionManager: EngineSessionManager initialized
[2018.07.27-12.58.07:422][  0]LogInit: Transaction tracking system initialized
[2018.07.27-12.58.07:506][  0]BlueprintLog: New page: エディタの読み込み
[2018.07.27-12.58.07:818][  0]LocalizationService: ローカライズのサービスが無効になりました
[2018.07.27-12.58.08:269][  0]LogCook: Display: Max memory allowance for cook 16384mb min free memory 0mb
[2018.07.27-12.58.08:270][  0]LogCook: Display: Mobile HDR setting 1
[2018.07.27-12.58.08:270][  0]LogFileCache: Scanning file cache for directory 'D:/UE4/Amber/Content/' took 0.01s
[2018.07.27-12.58.08:270][  0]LogGameplayTags: Display: UGameplayTagsManager::DoneAddingNativeTags. DelegateIsBound: 0
[2018.07.27-12.58.08:270][  0]LogStats: UGameplayTagsManager::ConstructGameplayTagTree: ImportINI prefixes -  0.000 s
[2018.07.27-12.58.08:270][  0]LogStats: UGameplayTagsManager::ConstructGameplayTagTree: Construct from data asset -  0.000 s
[2018.07.27-12.58.08:270][  0]LogStats: UGameplayTagsManager::ConstructGameplayTagTree: ImportINI -  0.000 s
[2018.07.27-12.58.08:271][  0]LogStats: UGameplayTagsManager::ConstructGameplayTagTree: GameplayTagTreeChangedEvent.Broadcast -  0.000 s
[2018.07.27-12.58.08:723][  0]SourceControl: ソースコントロールは無効です
[2018.07.27-12.58.08:724][  0]Cmd: MAP LOAD FILE="../../../Engine/Content/Maps/Templates/Template_Default.umap" TEMPLATE=1 SHOWPROGRESS=1 FEATURELEVEL=3
[2018.07.27-12.58.08:726][  0]LightingResults: New page: ライティングのビルド
[2018.07.27-12.58.08:735][  0]MapCheck: New page: マップをチェック
[2018.07.27-12.58.08:735][  0]LightingResults: New page: <何も選択されていません>
[2018.07.27-12.58.09:069][  0]LogAIModule: Creating AISystem for world Untitled_1
[2018.07.27-12.58.09:088][  0]LogEditorServer: Finished looking for orphan Actors (0.000 secs)
[2018.07.27-12.58.09:144][  0]Cmd: MAP CHECKDEP NOCLEARLOG
[2018.07.27-12.58.09:244][  0]MapCheck: マップチェックが完了: 0 エラー、 0 警告、完了に 99.055ミリ秒かかりました。
[2018.07.27-12.58.09:244][  0]LogFileHelpers: Loading map 'Template_Default' took 0.521
[2018.07.27-12.58.09:474][  0]LogSlate: Updating window title bar state: overlay mode, drag disabled, window buttons hidden, title bar hidden
[2018.07.27-12.58.09:486][  0]LogSlate: Updating window title bar state: overlay mode, drag disabled, window buttons hidden, title bar hidden
[2018.07.27-12.58.09:495][  0]LogSlate: Updating window title bar state: overlay mode, drag disabled, window buttons hidden, title bar hidden
[2018.07.27-12.58.09:504][  0]LogSlate: Updating window title bar state: overlay mode, drag disabled, window buttons hidden, title bar hidden
[2018.07.27-12.58.09:526][  0]LogCollectionManager: Loaded 0 collections in 0.004616 seconds
[2018.07.27-12.58.09:636][  0]LogFileCache: Scanning file cache for directory 'D:/UE4/Amber/Saved/Collections/' took 0.01s
[2018.07.27-12.58.09:637][  0]LogFileCache: Scanning file cache for directory 'D:/UE4/Amber/Content/Developers/SO/Collections/' took 0.01s
[2018.07.27-12.58.09:637][  0]LogFileCache: Scanning file cache for directory 'D:/UE4/Amber/Content/Collections/' took 0.02s
[2018.07.27-12.58.09:637][  0]LogCollectionManager: Rebuilt the GUID cache for 0 collections in 0.000000 seconds
[2018.07.27-12.58.09:657][  0]LogContentBrowser: Native class hierarchy populated in 0.0179 seconds. Added 2573 classes and 605 folders.
[2018.07.27-12.58.09:671][  0]LogContentBrowser: Native class hierarchy updated for 'WidgetCarousel' in 0.0005 seconds. Added 0 classes and 0 folders.
[2018.07.27-12.58.09:818][  0]LogContentBrowser: Native class hierarchy updated for 'AddContentDialog' in 0.0005 seconds. Added 0 classes and 0 folders.
[2018.07.27-12.58.09:837][  0]LogContentBrowser: Native class hierarchy updated for 'SceneOutliner' in 0.0010 seconds. Added 1 classes and 2 folders.
[2018.07.27-12.58.09:973][  0]LogSlate: Took 0.001384 seconds to synchronously load lazily loaded font '../../../Engine/Content/Slate/Fonts/Roboto-Regular.ttf' (155K)
[2018.07.27-12.58.09:981][  0]LogSlate: Took 0.005569 seconds to synchronously load lazily loaded font '../../../Engine/Content/Editor/Slate/Fonts/GenEiGothicPro-Regular.otf' (707K)
[2018.07.27-12.58.09:989][  0]LogSlate: Took 0.004438 seconds to synchronously load lazily loaded font '../../../Engine/Content/Editor/Slate/Fonts/GenEiGothicPro-Bold.otf' (698K)
[2018.07.27-12.58.09:990][  0]LogSlate: Took 0.001503 seconds to synchronously load lazily loaded font '../../../Engine/Content/Slate/Fonts/Roboto-Bold.ttf' (160K)
[2018.07.27-12.58.09:996][  0]LogSlate: Took 0.001358 seconds to synchronously load lazily loaded font '../../../Engine/Content/Editor/Slate/Fonts/FontAwesome.ttf' (139K)
[2018.07.27-12.58.10:098][  0]LogRenderer: Reallocating scene render targets to support 1208x600 Format 10 NumSamples 1 (Frame:1).
[2018.07.27-12.58.10:339][  0]LogContentBrowser: Native class hierarchy updated for 'HierarchicalLODOutliner' in 0.0009 seconds. Added 0 classes and 0 folders.
[2018.07.27-12.58.10:339][  0]LogLoad: (Engine Initialization) Total time: 17.98 seconds
[2018.07.27-12.58.10:339][  0]LogLoad: (Engine Initialization) Total Blueprint compile time: 0.00 seconds
[2018.07.27-12.58.10:373][  0]LogWindowsTextInputMethodSystem: Display: IME system now activated using TSF (Microsoft IME).
[2018.07.27-12.58.10:408][  0]LogContentStreaming: Texture pool size now 3000 MB
[2018.07.27-12.58.10:454][  1]LogAssetRegistry: Asset discovery search completed in 8.7424 seconds
[2018.07.27-12.58.10:456][  1]LogCollectionManager: Rebuilt the object cache for 0 collections in 0.000000 seconds (found 0 objects)
[2018.07.27-12.58.10:457][  1]LogCollectionManager: Fixed up redirectors for 0 collections in 0.000181 seconds (updated 0 objects)
[2018.07.27-12.58.12:403][114]LogSlate: FSceneViewport::OnFocusLost() reason 0
[2018.07.27-14.02.48:669][705]LogSlate: Took 0.001536 seconds to synchronously load lazily loaded font '../../../Engine/Content/Slate/Fonts/Roboto-Light.ttf' (167K)
[2018.07.27-14.02.50:539][811]LogSlate: Window 'Amber - Unreal Editor' being destroyed
[2018.07.27-14.02.50:819][812]Cmd: QUIT_EDITOR
[2018.07.27-14.02.50:863][812]LogWindowsTextInputMethodSystem: Display: IME system now activated using TSF (Microsoft IME).
[2018.07.27-14.02.50:887][812]LogExit: Preparing to exit.
[2018.07.27-14.02.51:348][812]LogExit: Editor shut down
[2018.07.27-14.02.51:349][812]LogExit: Transaction tracking system shut down
[2018.07.27-14.02.51:896][812]LogExit: Object subsystem successfully closed.
[2018.07.27-14.02.51:997][812]LogShaderCompilers: Display: Shaders left to compile 0
[2018.07.27-14.02.52:005][812]LogD3D11RHI: Shutdown
[2018.07.27-14.02.52:005][812]LogD3D11RHI: CleanupD3DDevice
[2018.07.27-14.02.52:014][812]LogD3D11RHI: ~FD3D11DynamicRHI
[2018.07.27-14.02.52:081][812]LogModuleManager: Shutting down and abandoning module HierarchicalLODOutliner (614)
[2018.07.27-14.02.52:082][812]LogModuleManager: Shutting down and abandoning module SceneOutliner (612)
[2018.07.27-14.02.52:082][812]LogModuleManager: Shutting down and abandoning module AddContentDialog (610)
[2018.07.27-14.02.52:083][812]LogModuleManager: Shutting down and abandoning module WidgetCarousel (609)
[2018.07.27-14.02.52:083][812]LogModuleManager: Shutting down and abandoning module EditorWidgets (606)
[2018.07.27-14.02.52:083][812]LogModuleManager: Shutting down and abandoning module CollectionManager (604)
[2018.07.27-14.02.52:084][812]LogModuleManager: Shutting down and abandoning module HierarchicalLODUtilities (602)
[2018.07.27-14.02.52:084][812]LogModuleManager: Shutting down and abandoning module StatsViewer (600)
[2018.07.27-14.02.52:084][812]LogModuleManager: Shutting down and abandoning module FoliageEdit (598)
[2018.07.27-14.02.52:084][812]LogModuleManager: Shutting down and abandoning module LandscapeEditor (596)
[2018.07.27-14.02.52:085][812]LogModuleManager: Shutting down and abandoning module MeshPaintMode (594)
[2018.07.27-14.02.52:086][812]LogModuleManager: Shutting down and abandoning module SceneDepthPickerMode (592)
[2018.07.27-14.02.52:086][812]LogModuleManager: Shutting down and abandoning module ActorPickerMode (590)
[2018.07.27-14.02.52:086][812]LogModuleManager: Shutting down and abandoning module GeometryMode (588)
[2018.07.27-14.02.52:086][812]LogModuleManager: Shutting down and abandoning module TextureAlignMode (586)
[2018.07.27-14.02.52:086][812]LogModuleManager: Shutting down and abandoning module BspMode (584)
[2018.07.27-14.02.52:086][812]LogModuleManager: Shutting down and abandoning module PIEPreviewDeviceProfileSelector (582)
[2018.07.27-14.02.52:086][812]LogModuleManager: Shutting down and abandoning module SequenceRecorderSections (580)
[2018.07.27-14.02.52:086][812]LogModuleManager: Shutting down and abandoning module AutomationWorker (578)
[2018.07.27-14.02.52:086][812]LogModuleManager: Shutting down and abandoning module AudioCaptureEditor (576)
[2018.07.27-14.02.52:086][812]LogModuleManager: Shutting down and abandoning module SequenceRecorder (575)
[2018.07.27-14.02.52:086][812]LogModuleManager: Shutting down and abandoning module MatineeToLevelSequence (572)
[2018.07.27-14.02.52:087][812]LogModuleManager: Shutting down and abandoning module LevelSequenceEditor (570)
[2018.07.27-14.02.52:087][812]LogModuleManager: Shutting down and abandoning module PlacementMode (569)
[2018.07.27-14.02.52:087][812]LogModuleManager: Shutting down and abandoning module MaterialEditor (568)
[2018.07.27-14.02.52:088][812]LogModuleManager: Shutting down and abandoning module WmfMediaFactory (564)
[2018.07.27-14.02.52:088][812]LogModuleManager: Shutting down and abandoning module WmfMediaEditor (562)
[2018.07.27-14.02.52:089][812]LogModuleManager: Shutting down and abandoning module MediaPlayerEditor (560)
[2018.07.27-14.02.52:089][812]LogModuleManager: Shutting down and abandoning module OpenExrWrapper (558)
[2018.07.27-14.02.52:089][812]LogModuleManager: Shutting down and abandoning module ImgMediaFactory (556)
[2018.07.27-14.02.52:089][812]LogModuleManager: Shutting down and abandoning module ImgMediaEditor (554)
[2018.07.27-14.02.52:089][812]LogModuleManager: Shutting down and abandoning module AvfMediaFactory (552)
[2018.07.27-14.02.52:089][812]LogModuleManager: Shutting down and abandoning module AvfMediaEditor (550)
[2018.07.27-14.02.52:089][812]LogModuleManager: Shutting down and abandoning module AndroidMediaFactory (548)
[2018.07.27-14.02.52:089][812]LogModuleManager: Shutting down and abandoning module AndroidMediaEditor (546)
[2018.07.27-14.02.52:090][812]LogModuleManager: Shutting down and abandoning module MagicLeapCameraPreviewFactory (544)
[2018.07.27-14.02.52:090][812]LogModuleManager: Shutting down and abandoning module MagicLeapMediaFactory (542)
[2018.07.27-14.02.52:090][812]LogModuleManager: Shutting down and abandoning module MagicLeapMediaEditor (540)
[2018.07.27-14.02.52:090][812]LogModuleManager: Shutting down and abandoning module CharacterAI (538)
[2018.07.27-14.02.52:090][812]LogModuleManager: Shutting down and abandoning module SmartSnapping (536)
[2018.07.27-14.02.52:090][812]LogModuleManager: Shutting down and abandoning module SessionServices (534)
[2018.07.27-14.02.52:090][812]LogModuleManager: Shutting down and abandoning module ViewportSnapping (532)
[2018.07.27-14.02.52:090][812]LogModuleManager: Shutting down and abandoning module ViewportInteraction (530)
[2018.07.27-14.02.52:091][812]LogModuleManager: Shutting down and abandoning module ClothPainter (528)
[2018.07.27-14.02.52:091][812]LogModuleManager: Shutting down and abandoning module SkeletalMeshEditor (527)
[2018.07.27-14.02.52:092][812]LogModuleManager: Shutting down and abandoning module LogVisualizer (524)
[2018.07.27-14.02.52:093][812]LogModuleManager: Shutting down and abandoning module IntroTutorials (522)
[2018.07.27-14.02.52:093][812]LogModuleManager: Shutting down and abandoning module GameProjectGeneration (521)
[2018.07.27-14.02.52:093][812]LogModuleManager: Shutting down and abandoning module LuminPlatformEditor (518)
[2018.07.27-14.02.52:093][812]LogModuleManager: Shutting down and abandoning module IOSPlatformEditor (516)
[2018.07.27-14.02.52:093][812]LogModuleManager: Shutting down and abandoning module HTML5PlatformEditor (514)
[2018.07.27-14.02.52:093][812]LogModuleManager: Shutting down and abandoning module AndroidPlatformEditor (512)
[2018.07.27-14.02.52:094][812]LogModuleManager: Shutting down and abandoning module AndroidDeviceDetection (511)
[2018.07.27-14.02.52:290][812]LogModuleManager: Shutting down and abandoning module WindowsPlatformEditor (508)
[2018.07.27-14.02.52:291][812]LogModuleManager: Shutting down and abandoning module LuminRuntimeSettings (506)
[2018.07.27-14.02.52:291][812]LogModuleManager: Shutting down and abandoning module IOSRuntimeSettings (504)
[2018.07.27-14.02.52:291][812]LogModuleManager: Shutting down and abandoning module AndroidRuntimeSettings (502)
[2018.07.27-14.02.52:291][812]LogModuleManager: Shutting down and abandoning module InputBindingEditor (500)
[2018.07.27-14.02.52:291][812]LogModuleManager: Shutting down and abandoning module MergeActors (498)
[2018.07.27-14.02.52:292][812]LogModuleManager: Shutting down and abandoning module LocalizationDashboard (496)
[2018.07.27-14.02.52:292][812]LogModuleManager: Shutting down and abandoning module LocalizationService (495)
[2018.07.27-14.02.52:292][812]LogModuleManager: Shutting down and abandoning module HardwareTargeting (492)
[2018.07.27-14.02.52:292][812]LogModuleManager: Shutting down and abandoning module DeviceProfileEditor (490)
[2018.07.27-14.02.52:293][812]LogModuleManager: Shutting down and abandoning module UndoHistory (488)
[2018.07.27-14.02.52:293][812]LogModuleManager: Shutting down and abandoning module XmlParser (486)
[2018.07.27-14.02.52:293][812]LogModuleManager: Shutting down and abandoning module Blutility (484)
[2018.07.27-14.02.52:293][812]LogModuleManager: Shutting down and abandoning module ProjectSettingsViewer (482)
[2018.07.27-14.02.52:293][812]LogModuleManager: Shutting down and abandoning module ProjectTargetPlatformEditor (481)
[2018.07.27-14.02.52:294][812]LogModuleManager: Shutting down and abandoning module EditorSettingsViewer (478)
[2018.07.27-14.02.52:294][812]LogModuleManager: Shutting down and abandoning module SettingsEditor (476)
[2018.07.27-14.02.52:294][812]LogModuleManager: Shutting down and abandoning module ProjectLauncher (474)
[2018.07.27-14.02.52:294][812]LogModuleManager: Shutting down and abandoning module SessionFrontend (472)
[2018.07.27-14.02.52:295][812]LogModuleManager: Shutting down and abandoning module ProfilerClient (470)
[2018.07.27-14.02.52:295][812]LogModuleManager: Shutting down and abandoning module DeviceManager (468)
[2018.07.27-14.02.52:295][812]LogModuleManager: Shutting down and abandoning module TargetDeviceServices (467)
[2018.07.27-14.02.52:339][812]LogModuleManager: Shutting down and abandoning module AutomationController (464)
[2018.07.27-14.02.52:339][812]LogModuleManager: Shutting down and abandoning module AutomationWindow (462)
[2018.07.27-14.02.52:340][812]LogModuleManager: Shutting down and abandoning module Layers (460)
[2018.07.27-14.02.52:341][812]LogModuleManager: Shutting down and abandoning module ComponentVisualizers (458)
[2018.07.27-14.02.52:341][812]LogModuleManager: Shutting down and abandoning module DetailCustomizations (456)
[2018.07.27-14.02.52:341][812]LogModuleManager: Shutting down and abandoning module PackagesDialog (454)
[2018.07.27-14.02.52:342][812]LogModuleManager: Shutting down and abandoning module Persona (452)
[2018.07.27-14.02.52:343][812]LogModuleManager: Shutting down and abandoning module AdvancedPreviewScene (451)
[2018.07.27-14.02.52:343][812]LogModuleManager: Shutting down and abandoning module AnimGraph (449)
[2018.07.27-14.02.52:343][812]LogModuleManager: Shutting down and abandoning module Kismet (446)
[2018.07.27-14.02.52:344][812]LogModuleManager: Shutting down and abandoning module GraphEditor (444)
[2018.07.27-14.02.52:344][812]LogModuleManager: Shutting down and abandoning module ClassViewer (442)
[2018.07.27-14.02.52:344][812]LogModuleManager: Shutting down and abandoning module Toolbox (440)
[2018.07.27-14.02.52:344][812]LogModuleManager: Shutting down and abandoning module DesktopPlatform (439)
[2018.07.27-14.02.52:345][812]LogModuleManager: Shutting down and abandoning module ModuleUI (436)
[2018.07.27-14.02.52:345][812]LogModuleManager: Shutting down and abandoning module MovieSceneTools (434)
[2018.07.27-14.02.52:345][812]LogModuleManager: Shutting down and abandoning module OutputLog (432)
[2018.07.27-14.02.52:346][812]LogModuleManager: Shutting down and abandoning module GammaUI (430)
[2018.07.27-14.02.52:346][812]LogModuleManager: Shutting down and abandoning module Documentation (428)
[2018.07.27-14.02.52:346][812]LogModuleManager: Shutting down and abandoning module MovieSceneTracks (426)
[2018.07.27-14.02.52:346][812]LogModuleManager: Shutting down and abandoning module MovieScene (424)
[2018.07.27-14.02.52:346][812]LogModuleManager: Shutting down and abandoning module StreamingPauseRendering (422)
[2018.07.27-14.02.52:347][812]LogModuleManager: Shutting down and abandoning module LauncherPlatform (420)
[2018.07.27-14.02.52:347][812]LogModuleManager: Shutting down and abandoning module AnalyticsET (418)
[2018.07.27-14.02.52:347][812]LogModuleManager: Shutting down and abandoning module PortalServices (416)
[2018.07.27-14.02.52:347][812]LogModuleManager: Shutting down and abandoning module PortalRpc (414)
[2018.07.27-14.02.52:347][812]LogModuleManager: Shutting down and abandoning module MessagingRpc (412)
[2018.07.27-14.02.52:347][812]LogModuleManager: Shutting down and abandoning module AIModule (410)
[2018.07.27-14.02.52:347][812]LogModuleManager: Shutting down and abandoning module GameplayDebugger (409)
[2018.07.27-14.02.52:348][812]LogModuleManager: Shutting down and abandoning module AITestSuite (407)
[2018.07.27-14.02.52:348][812]LogModuleManager: Shutting down and abandoning module NavigationSystem (405)
[2018.07.27-14.02.52:348][812]LogModuleManager: Shutting down and abandoning module ProfilerService (402)
[2018.07.27-14.02.52:512][812]LogModuleManager: Shutting down and abandoning module TaskGraph (400)
[2018.07.27-14.02.52:512][812]LogModuleManager: Shutting down and abandoning module SteamVRController (398)
[2018.07.27-14.02.52:513][812]LogModuleManager: Shutting down and abandoning module ProceduralMeshComponentEditor (396)
[2018.07.27-14.02.52:513][812]LogModuleManager: Shutting down and abandoning module ProceduralMeshComponent (394)
[2018.07.27-14.02.52:513][812]LogModuleManager: Shutting down and abandoning module OculusInput (392)
[2018.07.27-14.02.52:513][812]LogModuleManager: Shutting down and abandoning module MobilePatchingUtils (390)
[2018.07.27-14.02.52:513][812]LogModuleManager: Shutting down and abandoning module EditableMesh (388)
[2018.07.27-14.02.52:514][812]LogModuleManager: Shutting down and abandoning module CustomMeshComponent (386)
[2018.07.27-14.02.52:514][812]LogModuleManager: Shutting down and abandoning module CableComponent (384)
[2018.07.27-14.02.52:514][812]LogModuleManager: Shutting down and abandoning module AudioCapture (382)
[2018.07.27-14.02.52:514][812]LogModuleManager: Shutting down and abandoning module ArchVisCharacter (380)
[2018.07.27-14.02.52:514][812]LogModuleManager: Shutting down and abandoning module AndroidPermission (378)
[2018.07.27-14.02.52:514][812]LogModuleManager: Shutting down and abandoning module NUTUnrealEngine4 (376)
[2018.07.27-14.02.52:514][812]LogModuleManager: Shutting down and abandoning module NetcodeUnitTest (374)
[2018.07.27-14.02.52:515][812]LogModuleManager: Shutting down and abandoning module MediaCompositingEditor (372)
[2018.07.27-14.02.52:515][812]LogModuleManager: Shutting down and abandoning module MediaCompositing (370)
[2018.07.27-14.02.52:515][812]LogModuleManager: Shutting down and abandoning module LinearTimecode (368)
[2018.07.27-14.02.52:515][812]LogModuleManager: Shutting down and abandoning module ImgMedia (366)
[2018.07.27-14.02.52:531][812]LogModuleManager: Shutting down and abandoning module HTML5Networking (364)
[2018.07.27-14.02.52:531][812]LogModuleManager: Shutting down and abandoning module GeometryCacheTracks (362)
[2018.07.27-14.02.52:531][812]LogModuleManager: Shutting down and abandoning module GeometryCacheSequencer (360)
[2018.07.27-14.02.52:531][812]LogModuleManager: Shutting down and abandoning module BackChannel (358)
[2018.07.27-14.02.52:531][812]LogModuleManager: Shutting down and abandoning module AppleVision (356)
[2018.07.27-14.02.52:532][812]LogModuleManager: Shutting down and abandoning module AppleImageUtils (354)
[2018.07.27-14.02.52:532][812]LogModuleManager: Shutting down and abandoning module AlembicImporter (352)
[2018.07.27-14.02.52:532][812]LogModuleManager: Shutting down and abandoning module AlembicLibrary (351)
[2018.07.27-14.02.52:532][812]LogModuleManager: Shutting down and abandoning module GeometryCache (350)
[2018.07.27-14.02.52:532][812]LogModuleManager: Shutting down and abandoning module GeometryCacheEd (349)
[2018.07.27-14.02.52:532][812]LogModuleManager: Shutting down and abandoning module DatasmithContentEditor (344)
[2018.07.27-14.02.52:532][812]LogModuleManager: Shutting down and abandoning module DatasmithContent (342)
[2018.07.27-14.02.52:533][812]LogModuleManager: Shutting down and abandoning module SpeedTreeImporter (340)
[2018.07.27-14.02.52:533][812]LogModuleManager: Shutting down and abandoning module PluginBrowser (338)
[2018.07.27-14.02.52:534][812]LogModuleManager: Shutting down and abandoning module MobileLauncherProfileWizard (336)
[2018.07.27-14.02.52:534][812]LogModuleManager: Shutting down and abandoning module PolygonModeling (334)
[2018.07.27-14.02.52:534][812]LogModuleManager: Shutting down and abandoning module MeshEditor (332)
[2018.07.27-14.02.52:534][812]LogModuleManager: Shutting down and abandoning module CryptoKeysOpenSSL (330)
[2018.07.27-14.02.52:535][812]LogModuleManager: Shutting down and abandoning module CryptoKeys (328)
[2018.07.27-14.02.52:535][812]LogModuleManager: Shutting down and abandoning module VisualStudioSourceCodeAccess (326)
[2018.07.27-14.02.52:535][812]LogModuleManager: Shutting down and abandoning module VisualStudioCodeSourceCodeAccess (324)
[2018.07.27-14.02.52:535][812]LogModuleManager: Shutting down and abandoning module UObjectPlugin (322)
[2018.07.27-14.02.52:535][812]LogModuleManager: Shutting down and abandoning module SubversionSourceControl (320)
[2018.07.27-14.02.52:535][812]LogModuleManager: Shutting down and abandoning module PerforceSourceControl (318)
[2018.07.27-14.02.52:536][812]LogModuleManager: Shutting down and abandoning module GitSourceControl (316)
[2018.07.27-14.02.52:536][812]LogModuleManager: Shutting down and abandoning module SourceControl (315)
[2018.07.27-14.02.52:536][812]LogModuleManager: Shutting down and abandoning module CLionSourceCodeAccess (312)
[2018.07.27-14.02.52:536][812]LogModuleManager: Shutting down and abandoning module LightPropagationVolumeEditor (310)
[2018.07.27-14.02.52:536][812]LogModuleManager: Shutting down and abandoning module PaperTiledImporter (308)
[2018.07.27-14.02.52:536][812]LogModuleManager: Shutting down and abandoning module PaperSpriteSheetImporter (306)
[2018.07.27-14.02.52:537][812]LogModuleManager: Shutting down and abandoning module Paper2DEditor (304)
[2018.07.27-14.02.52:537][812]LogModuleManager: Shutting down and abandoning module MeshPaint (303)
[2018.07.27-14.02.52:537][812]LogModuleManager: Shutting down and abandoning module Amber (300)
[2018.07.27-14.02.52:538][812]LogModuleManager: Shutting down and abandoning module RuntimePhysXCooking (298)
[2018.07.27-14.02.52:538][812]LogModuleManager: Shutting down and abandoning module PhysXVehiclesEditor (296)
[2018.07.27-14.02.52:538][812]LogModuleManager: Shutting down and abandoning module PhysXVehicles (294)
[2018.07.27-14.02.52:538][812]LogModuleManager: Shutting down and abandoning module OculusEditor (292)
[2018.07.27-14.02.52:538][812]LogModuleManager: Shutting down and abandoning module LocationServicesBPLibrary (290)
[2018.07.27-14.02.52:538][812]LogModuleManager: Shutting down and abandoning module ImmediatePhysicsEditor (288)
[2018.07.27-14.02.52:538][812]LogModuleManager: Shutting down and abandoning module ImmediatePhysics (286)
[2018.07.27-14.02.52:538][812]LogModuleManager: Shutting down and abandoning module ActorSequence (284)
[2018.07.27-14.02.52:538][812]LogModuleManager: Shutting down and abandoning module UdpMessaging (282)
[2018.07.27-14.02.52:640][812]LogModuleManager: Shutting down and abandoning module TcpMessaging (280)
[2018.07.27-14.02.52:741][812]LogModuleManager: Shutting down and abandoning module MagicLeapAudio (278)
[2018.07.27-14.02.52:741][812]LogModuleManager: Shutting down and abandoning module GameplayTagsEditor (276)
[2018.07.27-14.02.52:749][812]LogModuleManager: Shutting down and abandoning module FacialAnimationEditor (274)
[2018.07.27-14.02.52:749][812]LogModuleManager: Shutting down and abandoning module FacialAnimation (272)
[2018.07.27-14.02.52:749][812]LogModuleManager: Shutting down and abandoning module DataValidation (270)
[2018.07.27-14.02.52:749][812]LogModuleManager: Shutting down and abandoning module AssetManagerEditor (268)
[2018.07.27-14.02.52:749][812]LogModuleManager: Shutting down and abandoning module LevelEditor (267)
[2018.07.27-14.02.52:751][812]LogModuleManager: Shutting down and abandoning module PixelInspectorModule (266)
[2018.07.27-14.02.52:751][812]LogModuleManager: Shutting down and abandoning module CommonMenuExtensions (264)
[2018.07.27-14.02.52:752][812]LogModuleManager: Shutting down and abandoning module MainFrame (262)
[2018.07.27-14.02.52:752][812]LogModuleManager: Shutting down and abandoning module HotReload (261)
[2018.07.27-14.02.52:753][812]LogModuleManager: Shutting down and abandoning module ContentBrowser (257)
[2018.07.27-14.02.52:756][812]LogModuleManager: Shutting down and abandoning module TreeMap (255)
[2018.07.27-14.02.52:756][812]LogModuleManager: Shutting down and abandoning module LightPropagationVolumeRuntime (252)
[2018.07.27-14.02.52:756][812]LogModuleManager: Shutting down and abandoning module AISupportModule (250)
[2018.07.27-14.02.52:756][812]LogModuleManager: Shutting down and abandoning module Paper2D (248)
[2018.07.27-14.02.52:756][812]LogModuleManager: Shutting down and abandoning module WindowsMoviePlayer (246)
[2018.07.27-14.02.52:757][812]LogModuleManager: Shutting down and abandoning module WmfMedia (244)
[2018.07.27-14.02.52:761][812]LogModuleManager: Shutting down and abandoning module Media (243)
[2018.07.27-14.02.52:769][812]LogModuleManager: Shutting down and abandoning module PacketHandler (240)
[2018.07.27-14.02.52:769][812]LogModuleManager: Shutting down and abandoning module ClothingSystemEditor (238)
[2018.07.27-14.02.52:769][812]LogModuleManager: Shutting down and abandoning module ClothingSystemRuntime (236)
[2018.07.27-14.02.52:770][812]LogModuleManager: Shutting down and abandoning module MediaAssets (234)
[2018.07.27-14.02.52:770][812]LogModuleManager: Shutting down and abandoning module Overlay (232)
[2018.07.27-14.02.52:770][812]LogModuleManager: Shutting down and abandoning module OverlayEditor (231)
[2018.07.27-14.02.52:770][812]LogModuleManager: Shutting down and abandoning module VREditor (228)
[2018.07.27-14.02.52:770][812]LogModuleManager: Shutting down and abandoning module StringTableEditor (226)
[2018.07.27-14.02.52:771][812]LogModuleManager: Shutting down and abandoning module GameplayTasksEditor (224)
[2018.07.27-14.02.52:771][812]LogModuleManager: Shutting down and abandoning module BehaviorTreeEditor (222)
[2018.07.27-14.02.52:771][812]LogModuleManager: Shutting down and abandoning module FunctionalTesting (220)
[2018.07.27-14.02.52:771][812]LogModuleManager: Shutting down and abandoning module CollisionAnalyzer (218)
[2018.07.27-14.02.52:772][812]LogModuleManager: Shutting down and abandoning module WorkspaceMenuStructure (217)
[2018.07.27-14.02.52:772][812]LogModuleManager: Shutting down and abandoning module UMG (214)
[2018.07.27-14.02.52:772][812]LogModuleManager: Shutting down and abandoning module UMGEditor (213)
[2018.07.27-14.02.52:773][812]LogModuleManager: Shutting down and abandoning module Sequencer (212)
[2018.07.27-14.02.52:774][812]LogModuleManager: Shutting down and abandoning module MessageLog (209)
[2018.07.27-14.02.52:774][812]LogModuleManager: Shutting down and abandoning module SlateReflector (204)
[2018.07.27-14.02.52:775][812]LogModuleManager: Shutting down and abandoning module Slate (202)
[2018.07.27-14.02.52:775][812]LogModuleManager: Shutting down and abandoning module EditorStyle (200)
[2018.07.27-14.02.52:780][812]LogModuleManager: Shutting down and abandoning module MRMesh (198)
[2018.07.27-14.02.52:780][812]LogModuleManager: Shutting down and abandoning module SourceCodeAccess (196)
[2018.07.27-14.02.52:780][812]LogModuleManager: Shutting down and abandoning module HeadMountedDisplay (194)
[2018.07.27-14.02.52:780][812]LogModuleManager: Shutting down and abandoning module XAudio2 (192)
[2018.07.27-14.02.52:780][812]LogModuleManager: Shutting down and abandoning module Networking (190)
[2018.07.27-14.02.52:780][812]LogModuleManager: Shutting down and abandoning module Core (188)
[2018.07.27-14.02.52:780][812]LogModuleManager: Shutting down and abandoning module LevelSequence (186)
[2018.07.27-14.02.52:781][812]LogModuleManager: Shutting down and abandoning module KismetCompiler (184)
[2018.07.27-14.02.52:781][812]LogModuleManager: Shutting down and abandoning module MeshUtilities (182)
[2018.07.27-14.02.52:781][812]LogModuleManager: Shutting down and abandoning module MeshMergeUtilities (181)
[2018.07.27-14.02.52:781][812]LogModuleManager: Shutting down and abandoning module MeshReductionInterface (180)
[2018.07.27-14.02.52:781][812]LogModuleManager: Shutting down and abandoning module SimplygonSwarm (179)
[2018.07.27-14.02.52:782][812]LogModuleManager: Shutting down and abandoning module ProxyLODMeshReduction (177)
[2018.07.27-14.02.52:783][812]LogModuleManager: Shutting down and abandoning module SimplygonMeshReduction (175)
[2018.07.27-14.02.52:783][812]LogModuleManager: Shutting down and abandoning module QuadricMeshReduction (173)
[2018.07.27-14.02.52:783][812]LogModuleManager: Shutting down and abandoning module MaterialBaking (169)
[2018.07.27-14.02.52:783][812]LogModuleManager: Shutting down and abandoning module DirectoryWatcher (165)
[2018.07.27-14.02.52:785][812]LogModuleManager: Shutting down and abandoning module DerivedDataCache (162)
[2018.07.27-14.02.52:812][812]LogDerivedDataCache: Shutdown
[2018.07.27-14.02.52:812][812]LogModuleManager: Shutting down and abandoning module XGEController (160)
[2018.07.27-14.02.52:812][812]LogXGEController: Cleaning working directory: C:/Users/SO/AppData/Local/Temp/UnrealXGEWorkingDir/
[2018.07.27-14.02.52:813][812]LogModuleManager: Shutting down and abandoning module TargetPlatform (158)
[2018.07.27-14.02.52:814][812]LogModuleManager: Shutting down and abandoning module VulkanShaderFormat (157)
[2018.07.27-14.02.52:814][812]LogModuleManager: Shutting down and abandoning module ShaderFormatVectorVM (155)
[2018.07.27-14.02.52:814][812]LogModuleManager: Shutting down and abandoning module ShaderFormatOpenGL (153)
[2018.07.27-14.02.52:814][812]LogModuleManager: Shutting down and abandoning module ShaderFormatD3D (151)
[2018.07.27-14.02.52:815][812]LogModuleManager: Shutting down and abandoning module MetalShaderFormat (149)
[2018.07.27-14.02.52:815][812]LogModuleManager: Shutting down and abandoning module TextureFormatUncompressed (147)
[2018.07.27-14.02.52:815][812]LogModuleManager: Shutting down and abandoning module TextureFormatPVR (145)
[2018.07.27-14.02.52:815][812]LogModuleManager: Shutting down and abandoning module TextureFormatDXT (143)
[2018.07.27-14.02.52:815][812]LogModuleManager: Shutting down and abandoning module TextureFormatIntelISPCTexComp (141)
[2018.07.27-14.02.52:817][812]LogModuleManager: Shutting down and abandoning module TextureFormatASTC (139)
[2018.07.27-14.02.52:817][812]LogModuleManager: Shutting down and abandoning module ImageWrapper (138)
[2018.07.27-14.02.52:818][812]LogModuleManager: Shutting down and abandoning module TextureFormatAndroid (135)
[2018.07.27-14.02.52:818][812]LogModuleManager: Shutting down and abandoning module AudioFormatOpus (133)
[2018.07.27-14.02.52:818][812]LogModuleManager: Shutting down and abandoning module AudioFormatOgg (131)
[2018.07.27-14.02.52:818][812]LogModuleManager: Shutting down and abandoning module AudioFormatADPCM (129)
[2018.07.27-14.02.52:818][812]LogModuleManager: Shutting down and abandoning module LuminTargetPlatform (127)
[2018.07.27-14.02.52:818][812]LogModuleManager: Shutting down and abandoning module LinuxTargetPlatform (125)
[2018.07.27-14.02.52:818][812]LogModuleManager: Shutting down and abandoning module LinuxServerTargetPlatform (123)
[2018.07.27-14.02.52:819][812]LogModuleManager: Shutting down and abandoning module LinuxNoEditorTargetPlatform (121)
[2018.07.27-14.02.52:819][812]LogModuleManager: Shutting down and abandoning module LinuxClientTargetPlatform (119)
[2018.07.27-14.02.52:819][812]LogModuleManager: Shutting down and abandoning module TVOSTargetPlatform (117)
[2018.07.27-14.02.52:836][812]LogModuleManager: Shutting down and abandoning module Messaging (115)
[2018.07.27-14.02.52:837][812]LogModuleManager: Shutting down and abandoning module IOSTargetPlatform (113)
[2018.07.27-14.02.52:845][812]LogModuleManager: Shutting down and abandoning module HTML5TargetPlatform (111)
[2018.07.27-14.02.52:845][812]LogModuleManager: Shutting down and abandoning module AndroidTargetPlatform (109)
[2018.07.27-14.02.52:883][812]LogModuleManager: Shutting down and abandoning module WindowsTargetPlatform (107)
[2018.07.27-14.02.52:883][812]LogModuleManager: Shutting down and abandoning module WindowsServerTargetPlatform (105)
[2018.07.27-14.02.52:883][812]LogModuleManager: Shutting down and abandoning module WindowsNoEditorTargetPlatform (103)
[2018.07.27-14.02.52:883][812]LogModuleManager: Shutting down and abandoning module WindowsClientTargetPlatform (101)
[2018.07.27-14.02.52:883][812]LogModuleManager: Shutting down and abandoning module MacTargetPlatform (99)
[2018.07.27-14.02.52:883][812]LogModuleManager: Shutting down and abandoning module MacServerTargetPlatform (97)
[2018.07.27-14.02.52:884][812]LogModuleManager: Shutting down and abandoning module MacNoEditorTargetPlatform (95)
[2018.07.27-14.02.52:884][812]LogModuleManager: Shutting down and abandoning module MacClientTargetPlatform (93)
[2018.07.27-14.02.52:884][812]LogModuleManager: Shutting down and abandoning module AllDesktopTargetPlatform (91)
[2018.07.27-14.02.52:884][812]LogModuleManager: Shutting down and abandoning module InputCore (88)
[2018.07.27-14.02.52:884][812]LogModuleManager: Shutting down and abandoning module Settings (86)
[2018.07.27-14.02.52:884][812]LogModuleManager: Shutting down and abandoning module PhysXCooking (84)
[2018.07.27-14.02.52:884][812]LogModuleManager: Shutting down and abandoning module SteamVR (82)
[2018.07.27-14.02.52:884][812]LogModuleManager: Shutting down and abandoning module OculusHMD (80)
[2018.07.27-14.02.52:884][812]LogModuleManager: Shutting down and abandoning module ExampleDeviceProfileSelector (78)
[2018.07.27-14.02.52:884][812]LogModuleManager: Shutting down and abandoning module LauncherChunkInstaller (76)
[2018.07.27-14.02.52:884][812]LogModuleManager: Shutting down and abandoning module OnlineBlueprintSupport (74)
[2018.07.27-14.02.52:884][812]LogModuleManager: Shutting down and abandoning module OnlineSubsystem (70)
[2018.07.27-14.02.52:889][812]LogModuleManager: Shutting down and abandoning module XMPP (65)
[2018.07.27-14.02.52:889][812]LogModuleManager: Shutting down and abandoning module WebSockets (64)
[2018.07.27-14.02.52:907][812]LogModuleManager: Shutting down and abandoning module HTTP (61)
[2018.07.27-14.02.52:909][812]LogHttp: Display: Http module shutting down, but needs to wait on 1 outstanding Http requests:
[2018.07.27-14.02.52:909][812]LogHttp: Display: 	verb=[POST] url=[https://datarouter.ol.epicgames.com/datarouter/api/v1/public/data?SessionID=%7BC5E3DABD-460A-326B-E573-E3A6BCDB786C%7D&AppID=UEEditor.Rocket.Release&AppVersion=4.20.0-4212847%2B%2B%2BUE4%2BRelease-4.20&UserID=faa337d44b429d4eb88d0c9c304383c1%7C3d5b89c110e0463e9c714f944eb5afe6%7C0699e69d-0508-455f-9f46-5951db9291b0&AppEnvironment=datacollector-binary&UploadType=eteventstream] status=Processing
[2018.07.27-14.02.52:939][812]LogModuleManager: Shutting down and abandoning module SSL (60)
[2018.07.27-14.02.52:942][812]LogModuleManager: Shutting down and abandoning module MagicLeapEmulator (56)
[2018.07.27-14.02.52:942][812]LogModuleManager: Shutting down and abandoning module MagicLeapPrivileges (54)
[2018.07.27-14.02.52:942][812]LogModuleManager: Shutting down and abandoning module MagicLeapIdentity (52)
[2018.07.27-14.02.52:942][812]LogModuleManager: Shutting down and abandoning module MagicLeapHelperVulkan (50)
[2018.07.27-14.02.52:942][812]LogModuleManager: Shutting down and abandoning module MagicLeapHelperOpenGL (48)
[2018.07.27-14.02.52:942][812]LogModuleManager: Shutting down and abandoning module MagicLeapSecureStorage (46)
[2018.07.27-14.02.52:942][812]LogModuleManager: Shutting down and abandoning module MagicLeapGestures (44)
[2018.07.27-14.02.52:943][812]LogModuleManager: Shutting down and abandoning module MagicLeapEyeTracker (42)
[2018.07.27-14.02.52:943][812]LogModuleManager: Shutting down and abandoning module MagicLeapController (40)
[2018.07.27-14.02.52:944][812]LogSlate: Slate User Destroyed.  User Index 0, Is Virtual User: 0
[2018.07.27-14.02.52:944][812]LogModuleManager: Shutting down and abandoning module MagicLeap (38)
[2018.07.27-14.02.52:944][812]LogModuleManager: Shutting down and abandoning module AnimationModifiers (36)
[2018.07.27-14.02.52:945][812]LogModuleManager: Shutting down and abandoning module PropertyEditor (35)
[2018.07.27-14.02.52:945][812]LogModuleManager: Shutting down and abandoning module AudioEditor (32)
[2018.07.27-14.02.52:946][812]LogModuleManager: Shutting down and abandoning module TextureCompressor (30)
[2018.07.27-14.02.52:948][812]LogModuleManager: Shutting down and abandoning module ShaderCore (28)
[2018.07.27-14.02.52:949][812]LogModuleManager: Shutting down and abandoning module Landscape (26)
[2018.07.27-14.02.52:949][812]LogModuleManager: Shutting down and abandoning module SlateRHIRenderer (24)
[2018.07.27-14.02.52:950][812]LogModuleManager: Shutting down and abandoning module OpenGLDrv (22)
[2018.07.27-14.02.52:950][812]LogModuleManager: Shutting down and abandoning module D3D11RHI (20)
[2018.07.27-14.02.52:950][812]LogModuleManager: Shutting down and abandoning module AnimGraphRuntime (18)
[2018.07.27-14.02.52:950][812]LogModuleManager: Shutting down and abandoning module Renderer (16)
[2018.07.27-14.02.52:950][812]LogModuleManager: Shutting down and abandoning module Engine (14)
[2018.07.27-14.02.52:951][812]LogModuleManager: Shutting down and abandoning module CoreUObject (12)
[2018.07.27-14.02.52:951][812]LogModuleManager: Shutting down and abandoning module NetworkFile (10)
[2018.07.27-14.02.52:951][812]LogModuleManager: Shutting down and abandoning module CookedIterativeFile (8)
[2018.07.27-14.02.52:951][812]LogModuleManager: Shutting down and abandoning module StreamingFile (6)
[2018.07.27-14.02.52:951][812]LogModuleManager: Shutting down and abandoning module SandboxFile (4)
[2018.07.27-14.02.52:951][812]LogModuleManager: Shutting down and abandoning module PakFile (2)
[2018.07.27-14.02.53:019][812]LogExit: Exiting.
[2018.07.27-14.02.53:030][812]Log file closed, 07/27/18 23:02:53
