Log file open, 07/24/18 01:04:30
LogWindows: Failed to load 'aqProf.dll' (GetLastError=126)
LogWindows: File 'aqProf.dll' does not exist
LogWindows: Failed to load 'VSPerf140.dll' (GetLastError=126)
LogWindows: File 'VSPerf140.dll' does not exist
LogWindows: Failed to load 'VtuneApi.dll' (GetLastError=126)
LogWindows: File 'VtuneApi.dll' does not exist
LogWindows: Failed to load 'VtuneApi32e.dll' (GetLastError=126)
LogWindows: File 'VtuneApi32e.dll' does not exist
LogInit: Display: Running engine for game: Amber
LogPlatformFile: Not using cached read wrapper
LogTaskGraph: Started task graph with 5 named threads and 47 total threads with 3 sets of task threads.
LogStats: Stats thread started at 0.706276
LogD3D11RHI: Loaded GFSDK_Aftermath_Lib.x64.dll
LogICUInternationalization: Display: ICU TimeZone Detection - Raw Offset: +9:00, Platform Override: ''
LogPluginManager: Mounting plugin Paper2D
LogPluginManager: Mounting plugin AISupport
LogPluginManager: Mounting plugin LightPropagationVolume
LogPluginManager: Mounting plugin CLionSourceCodeAccess
LogPluginManager: Mounting plugin CodeLiteSourceCodeAccess
LogPluginManager: Mounting plugin GitSourceControl
LogPluginManager: Mounting plugin KDevelopSourceCodeAccess
LogPluginManager: Mounting plugin NullSourceCodeAccess
LogPluginManager: Mounting plugin PerforceSourceControl
LogPluginManager: Mounting plugin SubversionSourceControl
LogPluginManager: Mounting plugin UObjectPlugin
LogPluginManager: Mounting plugin VisualStudioCodeSourceCodeAccess
LogPluginManager: Mounting plugin VisualStudioSourceCodeAccess
LogPluginManager: Mounting plugin XCodeSourceCodeAccess
LogPluginManager: Mounting plugin AssetManagerEditor
LogPluginManager: Mounting plugin CryptoKeys
LogPluginManager: Mounting plugin DataValidation
LogPluginManager: Mounting plugin FacialAnimation
LogPluginManager: Mounting plugin GameplayTagsEditor
LogPluginManager: Mounting plugin MacGraphicsSwitching
LogPluginManager: Mounting plugin MeshEditor
LogPluginManager: Mounting plugin MobileLauncherProfileWizard
LogPluginManager: Mounting plugin PluginBrowser
LogPluginManager: Mounting plugin SpeedTreeImporter
LogPluginManager: Mounting plugin DatasmithContent
LogPluginManager: Mounting plugin AlembicImporter
LogPluginManager: Mounting plugin AppleImageUtils
LogPluginManager: Mounting plugin AppleVision
LogPluginManager: Mounting plugin BackChannel
LogPluginManager: Mounting plugin CharacterAI
LogPluginManager: Mounting plugin GeometryCache
LogPluginManager: Mounting plugin HTML5Networking
LogPluginManager: Mounting plugin ProxyLODPlugin
LogPluginManager: Mounting plugin MagicLeap
LogPluginManager: Mounting plugin MagicLeapEmulator
LogPluginManager: Mounting plugin MagicLeapMedia
LogPluginManager: Mounting plugin AndroidMedia
LogPluginManager: Mounting plugin AvfMedia
LogPluginManager: Mounting plugin ImgMedia
LogPluginManager: Mounting plugin LinearTimecode
LogPluginManager: Mounting plugin MediaCompositing
LogPluginManager: Mounting plugin MediaPlayerEditor
LogPluginManager: Mounting plugin WmfMedia
LogPluginManager: Mounting plugin TcpMessaging
LogPluginManager: Mounting plugin UdpMessaging
LogPluginManager: Mounting plugin ActorSequence
LogPluginManager: Mounting plugin LevelSequenceEditor
LogPluginManager: Mounting plugin MatineeToLevelSequence
LogPluginManager: Mounting plugin NetcodeUnitTest
LogPluginManager: Mounting plugin NUTUnrealEngine4
LogPluginManager: Mounting plugin OnlineSubsystemGooglePlay
LogPluginManager: Mounting plugin OnlineSubsystemIOS
LogPluginManager: Mounting plugin OnlineSubsystem
LogPluginManager: Mounting plugin OnlineSubsystemNull
LogPluginManager: Mounting plugin OnlineSubsystemUtils
LogPluginManager: Mounting plugin LauncherChunkInstaller
LogPluginManager: Mounting plugin AndroidDeviceProfileSelector
LogPluginManager: Mounting plugin AndroidMoviePlayer
LogPluginManager: Mounting plugin AndroidPermission
LogPluginManager: Mounting plugin AppleMoviePlayer
LogPluginManager: Mounting plugin ArchVisCharacter
LogPluginManager: Mounting plugin AudioCapture
LogPluginManager: Mounting plugin CableComponent
LogPluginManager: Mounting plugin CustomMeshComponent
LogPluginManager: Mounting plugin EditableMesh
LogPluginManager: Mounting plugin ExampleDeviceProfileSelector
LogPluginManager: Mounting plugin GoogleCloudMessaging
LogPluginManager: Mounting plugin ImmediatePhysics
LogPluginManager: Mounting plugin IOSDeviceProfileSelector
LogPluginManager: Mounting plugin LinuxDeviceProfileSelector
LogPluginManager: Mounting plugin LocationServicesBPLibrary
LogPluginManager: Mounting plugin MobilePatchingUtils
LogPluginManager: Mounting plugin OculusVR
LogPluginManager: Plugin shader directory ../../../Engine/Plugins/Runtime/Oculus/OculusVR/Shaders found
LogPluginManager: Mapping shader source directory ../../../Engine/Plugins/Runtime/Oculus/OculusVR/Shaders to virtual directory /Plugin/OculusVR
LogPluginManager: Mounting plugin PhysXVehicles
LogPluginManager: Mounting plugin ProceduralMeshComponent
LogPluginManager: Mounting plugin RuntimePhysXCooking
LogPluginManager: Mounting plugin SteamVR
LogPluginManager: Mounting plugin WindowsMoviePlayer
LogStreaming: Display: Took  0.154s to configure plugins.
LogInit: Using libcurl 7.55.1-DEV
LogInit:  - built for x86_64-pc-win32
LogInit:  - supports SSL with OpenSSL/1.0.2h
LogInit:  - supports HTTP deflate (compression) using libz 1.2.8
LogInit:  - other features:
LogInit:      CURL_VERSION_SSL
LogInit:      CURL_VERSION_LIBZ
LogInit:      CURL_VERSION_IPV6
LogInit:      CURL_VERSION_ASYNCHDNS
LogInit:      CURL_VERSION_LARGEFILE
LogInit:      CURL_VERSION_IDN
LogInit:  CurlRequestOptions (configurable via config and command line):
LogInit:  - bVerifyPeer = false  - Libcurl will NOT verify peer certificate
LogInit:  - bUseHttpProxy = false  - Libcurl will NOT use HTTP proxy
LogInit:  - bDontReuseConnections = false  - Libcurl will reuse connections
LogInit:  - CertBundlePath = nullptr  - Libcurl will use whatever was configured at build time.
LogInit:  - MaxHostConnections = 16  - Libcurl will limit the number of connections to a host
LogInit:  - LocalHostAddr = Default
LogInit:  - BufferSize = 65536
LogInit: WinSock: version 1.1 (2.2), MaxSocks=32767, MaxUdp=65467
LogInit: Build: ++UE4+Release-4.20-CL-4212847
LogInit: Engine Version: 4.20.0-4212847+++UE4+Release-4.20
LogInit: Compatible Engine Version: 4.20.0-4212847+++UE4+Release-4.20
LogInit: Net CL: 4212847
LogInit: OS: Windows 10 (), CPU: AMD Ryzen 7 1700 Eight-Core Processor          , GPU: Radeon RX480
LogInit: Compiled (64-bit): Jul 14 2018 09:51:14
LogInit: Compiled with Visual C++: 19.13.26129.00
LogInit: Build Configuration: Development
LogInit: Branch Name: ++UE4+Release-4.20
LogInit: Command Line:  -skipcompile
LogInit: Base Directory: C:/Program Files/Epic Games/UE_4.20/Engine/Binaries/Win64/
LogInit: Installed Engine Build: 1
LogDevObjectVersion: Number of dev versions registered: 20
LogDevObjectVersion:   Dev-Blueprints (B0D832E4-1F89-4F0D-ACCF-7EB736FD4AA2): 10
LogDevObjectVersion:   Dev-Build (E1C64328-A22C-4D53-A36C-8E866417BD8C): 0
LogDevObjectVersion:   Dev-Core (375EC13C-06E4-48FB-B500-84F0262A717E): 2
LogDevObjectVersion:   Dev-Editor (E4B068ED-F494-42E9-A231-DA0B2E46BB41): 24
LogDevObjectVersion:   Dev-Framework (CFFC743F-43B0-4480-9391-14DF171D2073): 34
LogDevObjectVersion:   Dev-Mobile (B02B49B5-BB20-44E9-A304-32B752E40360): 2
LogDevObjectVersion:   Dev-Networking (A4E4105C-59A1-49B5-A7C5-40C4547EDFEE): 0
LogDevObjectVersion:   Dev-Online (39C831C9-5AE6-47DC-9A44-9C173E1C8E7C): 0
LogDevObjectVersion:   Dev-Physics (78F01B33-EBEA-4F98-B9B4-84EACCB95AA2): 0
LogDevObjectVersion:   Dev-Platform (6631380F-2D4D-43E0-8009-CF276956A95A): 0
LogDevObjectVersion:   Dev-Rendering (12F88B9F-8875-4AFC-A67C-D90C383ABD29): 26
LogDevObjectVersion:   Dev-Sequencer (7B5AE74C-D270-4C10-A958-57980B212A5A): 9
LogDevObjectVersion:   Dev-VR (D7296918-1DD6-4BDD-9DE2-64A83CC13884): 2
LogDevObjectVersion:   Dev-LoadTimes (C2A15278-BFE7-4AFE-6C17-90FF531DF755): 1
LogDevObjectVersion:   Private-Geometry (6EACA3D4-40EC-4CC1-B786-8BED09428FC5): 3
LogDevObjectVersion:   Dev-AnimPhys (29E575DD-E0A3-4627-9D10-D276232CDCEA): 17
LogDevObjectVersion:   Dev-ReflectionCapture (6B266CEC-1EC7-4B8F-A30B-E4D90942FC07): 1
LogDevObjectVersion:   Dev-Automation (0DF73D61-A23F-47EA-B727-89E90C41499A): 1
LogDevObjectVersion:   FortniteMain (601D1886-AC64-4F84-AA16-D3DE0DEAC7D6): 12
LogDevObjectVersion:   Dev-Enterprise (9DFFBCD6-494F-0158-E221-12823C92A888): 1
LogStreaming: Display: Took  0.000s to delete old logs.
LogInit: Presizing for max 8388607 objects, including 0 objects not considered by GC, pre-allocating 0 bytes for permanent pool.
LogInit: Object subsystem initialized
[2018.07.23-16.04.30:737][  0]LogInit: Selected Device Profile: [Windows]
[2018.07.23-16.04.30:738][  0]LogInit: Applying CVar settings loaded from the selected device profile: [Windows]
[2018.07.23-16.04.30:758][  0]LogHAL: Display: Platform has ~ 8 GB [8524107776 / 8589934592 / 8], which maps to Default [LargestMinGB=32, LargerMinGB=12, DefaultMinGB=8, SmallerMinGB=6, SmallestMinGB=0)
[2018.07.23-16.04.30:758][  0]LogInit: Setting Device Profile CVar: [[r.Vulkan.UseRealUBs:1]]
[2018.07.23-16.04.30:758][  0]LogInit: Going up to parent DeviceProfile []
[2018.07.23-16.04.30:759][  0]LogInit: Computer: DESKTOP-EIA4T13
[2018.07.23-16.04.30:759][  0]LogInit: User: SO
[2018.07.23-16.04.30:759][  0]LogInit: CPU Page size=4096, Cores=8
[2018.07.23-16.04.30:759][  0]LogInit: High frequency timer resolution =2.924198 MHz
[2018.07.23-16.04.30:759][  0]LogMemory: Memory total: Physical=7.9GB (8GB approx)
[2018.07.23-16.04.30:759][  0]LogMemory: Platform Memory Stats for Windows
[2018.07.23-16.04.30:759][  0]LogMemory: Process Physical Memory: 101.52 MB used, 101.52 MB peak
[2018.07.23-16.04.30:759][  0]LogMemory: Process Virtual Memory: 92.67 MB used, 92.67 MB peak
[2018.07.23-16.04.30:759][  0]LogMemory: Physical Memory: 5071.57 MB used,  3057.65 MB free, 8129.22 MB total
[2018.07.23-16.04.30:759][  0]LogMemory: Virtual Memory: 4659.64 MB used,  3057.65 MB free, 134217728.00 MB total
[2018.07.23-16.04.30:962][  0]LogInit: Using OS detected language (ja-JP).
[2018.07.23-16.04.30:963][  0]LogInit: Using OS detected locale (ja-JP).
[2018.07.23-16.04.30:965][  0]LogTextLocalizationManager: No specific localization for 'ja-JP' exists, so the 'ja' localization will be used.
[2018.07.23-16.04.31:345][  0]LogStreaming: Display: Took  0.383s to InitEngineTextLocalization.
[2018.07.23-16.04.31:345][  0]LogInit: Setting process to per monitor DPI aware
[2018.07.23-16.04.31:423][  0]LogSlate: New Slate User Created.  User Index 0, Is Virtual User: 0
[2018.07.23-16.04.31:423][  0]LogSlate: Slate User Registered.  User Index 0, Is Virtual User: 0
[2018.07.23-16.04.31:745][  0]LogHMD: Failed to initialize OpenVR with code 110
[2018.07.23-16.04.31:745][  0]LogD3D11RHI: D3D11 adapters:
[2018.07.23-16.04.31:795][  0]LogD3D11RHI:    0. 'Radeon RX480' (Feature Level 11_0)
[2018.07.23-16.04.31:795][  0]LogD3D11RHI:       8140/0/4064 MB DedicatedVideo/DedicatedSystem/SharedSystem, Outputs:2, VendorId:0x1002
[2018.07.23-16.04.31:804][  0]LogD3D11RHI:    1. 'Microsoft Basic Render Driver' (Feature Level 11_0)
[2018.07.23-16.04.31:804][  0]LogD3D11RHI:       0/0/4064 MB DedicatedVideo/DedicatedSystem/SharedSystem, Outputs:0, VendorId:0x1414
[2018.07.23-16.04.31:804][  0]LogD3D11RHI: Chosen D3D11 Adapter: 0
[2018.07.23-16.04.31:814][  0]LogD3D11RHI: Creating new Direct3DDevice
[2018.07.23-16.04.31:814][  0]LogD3D11RHI:     GPU DeviceId: 0x67df (for the marketing name, search the web for "GPU Device Id")
[2018.07.23-16.04.31:814][  0]LogWindows: EnumDisplayDevices:
[2018.07.23-16.04.31:814][  0]LogWindows:    0. 'Radeon RX480' (P:0 D:1)
[2018.07.23-16.04.31:815][  0]LogWindows:    1. 'Radeon RX480' (P:1 D:1)
[2018.07.23-16.04.31:815][  0]LogWindows:    2. 'Radeon RX480' (P:0 D:0)
[2018.07.23-16.04.31:816][  0]LogWindows:    3. 'Radeon RX480' (P:0 D:0)
[2018.07.23-16.04.31:816][  0]LogWindows:    4. 'Radeon RX480' (P:0 D:0)
[2018.07.23-16.04.31:818][  0]LogWindows:    5. 'Radeon RX480' (P:0 D:0)
[2018.07.23-16.04.31:818][  0]LogWindows: DebugString: FoundDriverCount:6 
[2018.07.23-16.04.31:818][  0]LogD3D11RHI:     Adapter Name: Radeon RX480
[2018.07.23-16.04.31:818][  0]LogD3D11RHI:   Driver Version: Crimson ReLive 17.7 (internal:22.19.173.770, unified:22.19.173.770)
[2018.07.23-16.04.31:818][  0]LogD3D11RHI:      Driver Date: 7-31-2017
[2018.07.23-16.04.31:818][  0]LogRHI: Texture pool is 5698 MB (70% of 8140 MB)
[2018.07.23-16.04.31:966][  0]LogD3D11RHI: Async texture creation enabled
[2018.07.23-16.04.31:978][  0]LogD3D11RHI: GPU Timing Frequency: 25.000000 (Debug: 2 1)
[2018.07.23-16.04.31:981][  0]LogShaderCompilers: Guid format shader working directory is 32 characters bigger than the processId version (D:/UE4/Amber/Intermediate/Shaders/WorkingDirectory/264/).
[2018.07.23-16.04.31:981][  0]LogShaderCompilers: Cleaned the shader compiler working directory 'C:/Users/SO/AppData/Local/Temp/UnrealShaderWorkingDir/583C3FB34546F11024910D876BEC5B43/'.
[2018.07.23-16.04.32:376][  0]LogTemp: Display: Loaded TP AllDesktopTargetPlatform
[2018.07.23-16.04.32:397][  0]LogTemp: Display: Loaded TP MacClientTargetPlatform
[2018.07.23-16.04.32:421][  0]LogTemp: Display: Loaded TP MacNoEditorTargetPlatform
[2018.07.23-16.04.32:442][  0]LogTemp: Display: Loaded TP MacServerTargetPlatform
[2018.07.23-16.04.32:463][  0]LogTemp: Display: Loaded TP MacTargetPlatform
[2018.07.23-16.04.32:483][  0]LogTemp: Display: Loaded TP WindowsClientTargetPlatform
[2018.07.23-16.04.32:504][  0]LogTemp: Display: Loaded TP WindowsNoEditorTargetPlatform
[2018.07.23-16.04.32:524][  0]LogTemp: Display: Loaded TP WindowsServerTargetPlatform
[2018.07.23-16.04.32:534][  0]LogTemp: Display: Loaded TP WindowsTargetPlatform
[2018.07.23-16.04.32:635][  0]LogTemp: Display: Loaded TP AndroidTargetPlatform
[2018.07.23-16.04.32:636][  0]LogTemp: Display: Loaded TP AndroidTargetPlatform
[2018.07.23-16.04.32:636][  0]LogTemp: Display: Loaded TP AndroidTargetPlatform
[2018.07.23-16.04.32:636][  0]LogTemp: Display: Loaded TP AndroidTargetPlatform
[2018.07.23-16.04.32:636][  0]LogTemp: Display: Loaded TP AndroidTargetPlatform
[2018.07.23-16.04.32:636][  0]LogTemp: Display: Loaded TP AndroidTargetPlatform
[2018.07.23-16.04.32:636][  0]LogTemp: Display: Loaded TP AndroidTargetPlatform
[2018.07.23-16.04.32:636][  0]LogTemp: Display: Loaded TP AndroidTargetPlatform
[2018.07.23-16.04.32:636][  0]LogTemp: Display: Loaded TP AndroidTargetPlatform
[2018.07.23-16.04.32:637][  0]LogTemp: Display: Loaded TP AndroidTargetPlatform
[2018.07.23-16.04.32:637][  0]LogTemp: Display: Loaded TP AndroidTargetPlatform
[2018.07.23-16.04.32:637][  0]LogTemp: Display: Loaded TP AndroidTargetPlatform
[2018.07.23-16.04.32:637][  0]LogTemp: Display: Loaded TP AndroidTargetPlatform
[2018.07.23-16.04.32:637][  0]LogTemp: Display: Loaded TP AndroidTargetPlatform
[2018.07.23-16.04.32:637][  0]LogTemp: Display: Loaded TP AndroidTargetPlatform
[2018.07.23-16.04.32:637][  0]LogTemp: Display: Loaded TP AndroidTargetPlatform
[2018.07.23-16.04.32:637][  0]LogTemp: Display: Loaded TP AndroidTargetPlatform
[2018.07.23-16.04.32:637][  0]LogTemp: Display: Loaded TP AndroidTargetPlatform
[2018.07.23-16.04.32:644][  0]LogTemp: Display: Loaded TP HTML5TargetPlatform
[2018.07.23-16.04.32:745][  0]LogTemp: Display: Loaded TP IOSTargetPlatform
[2018.07.23-16.04.32:745][  0]LogTemp: Display: Loaded TP IOSTargetPlatform
[2018.07.23-16.04.32:777][  0]LogTemp: Display: Loaded TP TVOSTargetPlatform
[2018.07.23-16.04.32:777][  0]LogTemp: Display: Loaded TP TVOSTargetPlatform
[2018.07.23-16.04.32:804][  0]LogTemp: Display: Loaded TP LinuxClientTargetPlatform
[2018.07.23-16.04.32:825][  0]LogTemp: Display: Loaded TP LinuxNoEditorTargetPlatform
[2018.07.23-16.04.32:859][  0]LogTemp: Display: Loaded TP LinuxServerTargetPlatform
[2018.07.23-16.04.32:880][  0]LogTemp: Display: Loaded TP LinuxTargetPlatform
[2018.07.23-16.04.32:896][  0]LogTemp: Display: Loaded TP LuminTargetPlatform
[2018.07.23-16.04.32:896][  0]LogTargetPlatformManager: Display: Building Assets For Windows
[2018.07.23-16.04.33:050][  0]LogXGEController: Cannot use XGE Controller as Incredibuild is not installed on this machine.
[2018.07.23-16.04.33:050][  0]LogShaderCompilers: Cannot use XGE Shader Compiler as Incredibuild is not installed on this machine.
[2018.07.23-16.04.33:050][  0]LogShaderCompilers: Display: Using Local Shader Compiler.
[2018.07.23-16.04.33:985][  0]LogDerivedDataCache: Display: Max Cache Size: 512 MB
[2018.07.23-16.04.34:051][  0]LogDerivedDataCache: Loaded boot cache 0.07s 71MB C:/Users/SO/AppData/Local/UnrealEngine/4.20/DerivedDataCache/Boot.ddc.
[2018.07.23-16.04.34:052][  0]LogDerivedDataCache: Display: Loaded Boot cache: C:/Users/SO/AppData/Local/UnrealEngine/4.20/DerivedDataCache/Boot.ddc
[2018.07.23-16.04.34:052][  0]LogDerivedDataCache: FDerivedDataBackendGraph:  Pak pak cache file D:/UE4/Amber/DerivedDataCache/DDC.ddp not found, will not use a pak cache.
[2018.07.23-16.04.34:052][  0]LogDerivedDataCache: Unable to find inner node Pak for hierarchical cache Hierarchy.
[2018.07.23-16.04.34:052][  0]LogDerivedDataCache: FDerivedDataBackendGraph:  CompressedPak pak cache file D:/UE4/Amber/DerivedDataCache/Compressed.ddp not found, will not use a pak cache.
[2018.07.23-16.04.34:052][  0]LogDerivedDataCache: Unable to find inner node CompressedPak for hierarchical cache Hierarchy.
[2018.07.23-16.04.34:085][  0]LogDerivedDataCache: Display: Pak cache opened for reading ../../../Engine/DerivedDataCache/Compressed.ddp.
[2018.07.23-16.04.34:102][  0]LogDerivedDataCache: Using Local data cache path C:/Users/SO/AppData/Local/UnrealEngine/Common/DerivedDataCache: Writable
[2018.07.23-16.04.34:102][  0]LogDerivedDataCache: Shared data cache path not found in *engine.ini, will not use an Shared cache.
[2018.07.23-16.04.34:102][  0]LogDerivedDataCache: Unable to find inner node Shared for hierarchical cache Hierarchy.
[2018.07.23-16.04.34:145][  0]LogMaterial: Verifying Global Shaders for PCD3D_SM5
[2018.07.23-16.04.34:147][  0]LogSlate: Using FreeType 2.6.0
[2018.07.23-16.04.34:148][  0]LogSlate: SlateFontServices - WITH_FREETYPE: 1, WITH_HARFBUZZ: 1
[2018.07.23-16.04.34:248][  0]LogAssetRegistry: FAssetRegistry took 0.0301 seconds to start up
[2018.07.23-16.04.34:674][  0]LogInit: Selected Device Profile: [Windows]
[2018.07.23-16.04.34:868][  0]LogSimplygon: Simplygon DLL not present - disabling.
[2018.07.23-16.04.34:881][  0]LogMeshReduction: Using SimplygonSwarm for distributed automatic mesh merging
[2018.07.23-16.04.34:881][  0]LogMeshReduction: Using ProxyLODMeshReduction for automatic mesh merging
[2018.07.23-16.04.34:881][  0]LogMeshReduction: Using QuadricMeshReduction for automatic static mesh reduction
[2018.07.23-16.04.34:881][  0]LogMeshReduction: No automatic skeletal mesh reduction module available
[2018.07.23-16.04.34:932][  0]LogNetVersion: Amber 1.0.0, NetCL: 4212847, EngineNetVer: 5, GameNetVer: 0 (Checksum: 827830976)
[2018.07.23-16.04.35:602][  0]LogPackageLocalizationCache: Processed 11 localized package path(s) for 2 prioritized culture(s) in 0.123497 seconds
[2018.07.23-16.04.35:610][  0]LogUObjectArray: 38425 objects as part of root set at end of initial load.
[2018.07.23-16.04.35:610][  0]LogUObjectAllocator: 6690864 out of 0 bytes used by permanent object pool.
[2018.07.23-16.04.35:610][  0]LogUObjectArray: CloseDisregardForGC: 0/0 objects in disregard for GC pool
[2018.07.23-16.04.36:934][  0]LogTcpMessaging: Initializing TcpMessaging bridge
[2018.07.23-16.04.36:952][  0]LogUdpMessaging: Initializing bridge on interface 0.0.0.0:0 to multicast group 230.0.0.1:6666.
[2018.07.23-16.04.37:325][  0]SourceControl: ソースコントロールは無効です
[2018.07.23-16.04.37:325][  0]SourceControl: ソースコントロールは無効です
[2018.07.23-16.04.37:331][  0]SourceControl: ソースコントロールは無効です
[2018.07.23-16.04.37:336][  0]SourceControl: ソースコントロールは無効です
[2018.07.23-16.04.37:623][  0]LogAndroidPermission: UAndroidPermissionCallbackProxy::GetInstance
[2018.07.23-16.04.37:838][  0]LogOcInput: OculusInput pre-init called
[2018.07.23-16.04.37:921][  0]LogEngine: Initializing Engine...
[2018.07.23-16.04.37:923][  0]LogHMD: Failed to initialize OpenVR with code 110
[2018.07.23-16.04.37:924][  0]LogStats: UGameplayTagsManager::ConstructGameplayTagTree: ImportINI prefixes -  0.000 s
[2018.07.23-16.04.37:924][  0]LogStats: UGameplayTagsManager::ConstructGameplayTagTree: Construct from data asset -  0.000 s
[2018.07.23-16.04.37:925][  0]LogStats: UGameplayTagsManager::ConstructGameplayTagTree: ImportINI -  0.000 s
[2018.07.23-16.04.37:925][  0]LogStats: UGameplayTagsManager::ConstructGameplayTagTree: GameplayTagTreeChangedEvent.Broadcast -  0.000 s
[2018.07.23-16.04.38:167][  0]LogInit: Initializing FReadOnlyCVARCache
[2018.07.23-16.04.38:187][  0]LogAIModule: Creating AISystem for world Untitled
[2018.07.23-16.04.38:219][  0]LogInit: XAudio2 using 'スピーカー (SoundCore 2 Stereo)' : 2 channels at 44.1 kHz using 16 bits per sample (channel mask 0x3)
[2018.07.23-16.04.38:250][  0]LogInit: FAudioDevice initialized.
[2018.07.23-16.04.38:250][  0]LogNetVersion: Set ProjectVersion to 1.0.0.0. Version Checksum will be recalculated on next use.
[2018.07.23-16.04.38:318][  0]LogDerivedDataCache: Saved boot cache 0.07s 71MB C:/Users/SO/AppData/Local/UnrealEngine/4.20/DerivedDataCache/Boot.ddc.
[2018.07.23-16.04.38:325][  0]LogInit: Texture streaming: Enabled
[2018.07.23-16.04.38:359][  0]LogEngineSessionManager: EngineSessionManager initialized
[2018.07.23-16.04.38:374][  0]LogInit: Transaction tracking system initialized
[2018.07.23-16.04.38:417][  0]BlueprintLog: New page: エディタの読み込み
[2018.07.23-16.04.38:578][  0]LocalizationService: ローカライズのサービスが無効になりました
[2018.07.23-16.04.38:971][  0]LogCook: Display: Max memory allowance for cook 16384mb min free memory 0mb
[2018.07.23-16.04.38:971][  0]LogCook: Display: Mobile HDR setting 1
[2018.07.23-16.04.38:971][  0]LogGameplayTags: Display: UGameplayTagsManager::DoneAddingNativeTags. DelegateIsBound: 0
[2018.07.23-16.04.38:971][  0]LogStats: UGameplayTagsManager::ConstructGameplayTagTree: ImportINI prefixes -  0.000 s
[2018.07.23-16.04.38:971][  0]LogStats: UGameplayTagsManager::ConstructGameplayTagTree: Construct from data asset -  0.000 s
[2018.07.23-16.04.38:972][  0]LogStats: UGameplayTagsManager::ConstructGameplayTagTree: ImportINI -  0.000 s
[2018.07.23-16.04.38:972][  0]LogStats: UGameplayTagsManager::ConstructGameplayTagTree: GameplayTagTreeChangedEvent.Broadcast -  0.000 s
[2018.07.23-16.04.39:211][  0]LogFileCache: Scanning file cache for directory 'D:/UE4/Amber/Content/' took 0.06s
[2018.07.23-16.04.39:211][  0]SourceControl: ソースコントロールは無効です
[2018.07.23-16.04.39:212][  0]Cmd: MAP LOAD FILE="../../../Engine/Content/Maps/Templates/Template_Default.umap" TEMPLATE=1 SHOWPROGRESS=1 FEATURELEVEL=3
[2018.07.23-16.04.39:212][  0]LightingResults: New page: ライティングのビルド
[2018.07.23-16.04.39:216][  0]MapCheck: New page: マップをチェック
[2018.07.23-16.04.39:216][  0]LightingResults: New page: <何も選択されていません>
[2018.07.23-16.04.39:469][  0]LogAIModule: Creating AISystem for world Untitled_1
[2018.07.23-16.04.39:481][  0]LogEditorServer: Finished looking for orphan Actors (0.000 secs)
[2018.07.23-16.04.39:532][  0]Cmd: MAP CHECKDEP NOCLEARLOG
[2018.07.23-16.04.39:630][  0]MapCheck: マップチェックが完了: 0 エラー、 0 警告、完了に 97.795ミリ秒かかりました。
[2018.07.23-16.04.39:630][  0]LogFileHelpers: Loading map 'Template_Default' took 0.419
[2018.07.23-16.04.39:851][  0]LogSlate: Updating window title bar state: overlay mode, drag disabled, window buttons hidden, title bar hidden
[2018.07.23-16.04.39:861][  0]LogSlate: Updating window title bar state: overlay mode, drag disabled, window buttons hidden, title bar hidden
[2018.07.23-16.04.39:869][  0]LogSlate: Updating window title bar state: overlay mode, drag disabled, window buttons hidden, title bar hidden
[2018.07.23-16.04.39:878][  0]LogSlate: Updating window title bar state: overlay mode, drag disabled, window buttons hidden, title bar hidden
[2018.07.23-16.04.39:892][  0]LogCollectionManager: Loaded 0 collections in 0.004606 seconds
[2018.07.23-16.04.39:979][  0]LogFileCache: Scanning file cache for directory 'D:/UE4/Amber/Saved/Collections/' took 0.01s
[2018.07.23-16.04.39:979][  0]LogFileCache: Scanning file cache for directory 'D:/UE4/Amber/Content/Developers/SO/Collections/' took 0.01s
[2018.07.23-16.04.39:979][  0]LogFileCache: Scanning file cache for directory 'D:/UE4/Amber/Content/Collections/' took 0.01s
[2018.07.23-16.04.39:979][  0]LogCollectionManager: Rebuilt the GUID cache for 0 collections in 0.000000 seconds
[2018.07.23-16.04.39:996][  0]LogContentBrowser: Native class hierarchy populated in 0.0153 seconds. Added 2573 classes and 605 folders.
[2018.07.23-16.04.40:009][  0]LogContentBrowser: Native class hierarchy updated for 'WidgetCarousel' in 0.0004 seconds. Added 0 classes and 0 folders.
[2018.07.23-16.04.40:145][  0]LogContentBrowser: Native class hierarchy updated for 'AddContentDialog' in 0.0004 seconds. Added 0 classes and 0 folders.
[2018.07.23-16.04.40:163][  0]LogContentBrowser: Native class hierarchy updated for 'SceneOutliner' in 0.0005 seconds. Added 1 classes and 2 folders.
[2018.07.23-16.04.40:207][  0]LogSlate: Took 0.000349 seconds to synchronously load lazily loaded font '../../../Engine/Content/Slate/Fonts/Roboto-Regular.ttf' (155K)
[2018.07.23-16.04.40:208][  0]LogSlate: Took 0.000674 seconds to synchronously load lazily loaded font '../../../Engine/Content/Editor/Slate/Fonts/GenEiGothicPro-Regular.otf' (707K)
[2018.07.23-16.04.40:212][  0]LogSlate: Took 0.000551 seconds to synchronously load lazily loaded font '../../../Engine/Content/Editor/Slate/Fonts/GenEiGothicPro-Bold.otf' (698K)
[2018.07.23-16.04.40:212][  0]LogSlate: Took 0.000207 seconds to synchronously load lazily loaded font '../../../Engine/Content/Slate/Fonts/Roboto-Bold.ttf' (160K)
[2018.07.23-16.04.40:217][  0]LogSlate: Took 0.001401 seconds to synchronously load lazily loaded font '../../../Engine/Content/Editor/Slate/Fonts/FontAwesome.ttf' (139K)
[2018.07.23-16.04.40:312][  0]LogRenderer: Reallocating scene render targets to support 1228x600 Format 10 NumSamples 1 (Frame:1).
[2018.07.23-16.04.40:498][  0]LogContentBrowser: Native class hierarchy updated for 'HierarchicalLODOutliner' in 0.0005 seconds. Added 0 classes and 0 folders.
[2018.07.23-16.04.40:499][  0]LogLoad: (Engine Initialization) Total time: 12.86 seconds
[2018.07.23-16.04.40:499][  0]LogLoad: (Engine Initialization) Total Blueprint compile time: 0.00 seconds
[2018.07.23-16.04.40:521][  0]LogWindowsTextInputMethodSystem: Display: IME system now activated using TSF (Microsoft IME).
[2018.07.23-16.04.40:549][  0]LogContentStreaming: Texture pool size now 3000 MB
[2018.07.23-16.04.40:592][  0]LogSlate: Took 0.001561 seconds to synchronously load lazily loaded font '../../../Engine/Content/Slate/Fonts/Roboto-Light.ttf' (167K)
[2018.07.23-16.04.40:611][  1]LogAssetRegistry: Asset discovery search completed in 6.3885 seconds
[2018.07.23-16.04.40:614][  1]LogCollectionManager: Rebuilt the object cache for 0 collections in 0.000000 seconds (found 0 objects)
[2018.07.23-16.04.40:614][  1]LogCollectionManager: Fixed up redirectors for 0 collections in 0.000138 seconds (updated 0 objects)
[2018.07.23-16.04.44:318][434]LogSlate: FSceneViewport::OnFocusLost() reason 0
[2018.07.23-16.04.51:600][304]LogSlate: Took 0.000459 seconds to synchronously load lazily loaded font '../../../Engine/Content/Slate/Fonts/Roboto-Light.ttf' (167K)
[2018.07.23-16.04.51:604][304]LogSlate: Took 0.003838 seconds to synchronously load lazily loaded font '../../../Engine/Content/Editor/Slate/Fonts/GenEiGothicPro-Light.otf' (713K)
[2018.07.23-16.04.51:616][304]LogAIModule: Creating AISystem for world MainGame
[2018.07.23-16.04.51:620][304]LogAssetEditorManager: Opening Asset editor for World /Game/MainGame.MainGame
[2018.07.23-16.04.51:663][304]Cmd: MAP LOAD FILE="D:/UE4/Amber/Content/MainGame.umap" TEMPLATE=0 SHOWPROGRESS=1 FEATURELEVEL=3
[2018.07.23-16.04.51:664][304]LightingResults: New page: ライティングのビルド
[2018.07.23-16.04.51:665][304]LoadErrors: New page: マップをロード中: MainGame.umap
[2018.07.23-16.04.51:665][304]MapCheck: New page: マップをチェック
[2018.07.23-16.04.51:665][304]LightingResults: New page: <何も選択されていません>
[2018.07.23-16.04.51:705][304]LogEditorServer: Finished looking for orphan Actors (0.000 secs)
[2018.07.23-16.04.51:755][304]Cmd: MAP CHECKDEP NOCLEARLOG
[2018.07.23-16.04.51:873][304]MapCheck: マップチェックが完了: 0 エラー、 0 警告、完了に 117.905ミリ秒かかりました。
[2018.07.23-16.04.51:875][304]LogFileHelpers: Loading map 'MainGame' took 0.213
[2018.07.23-16.05.02:144][525]LogSlate: Took 0.003406 seconds to synchronously load lazily loaded font '../../../Engine/Content/Editor/Slate/Fonts/GenEiGothicPro-SemiBold.otf' (703K)
[2018.07.23-16.05.02:145][525]LogSlate: Took 0.001254 seconds to synchronously load lazily loaded font '../../../Engine/Content/Slate/Fonts/Roboto-BoldCondensed.ttf' (158K)
[2018.07.23-16.05.03:971][744]LogTemp: Repeating last play command: 選択ビューポート
[2018.07.23-16.05.03:981][744]LogPlayLevel: PlayLevel: No blueprints needed recompiling
[2018.07.23-16.05.03:995][744]PIE: New page: PIEセッション: MainGame (2018/07/24 10:05:03)
[2018.07.23-16.05.03:996][744]LogPlayLevel: Creating play world package: /Game/UEDPIE_0_MainGame
[2018.07.23-16.05.03:997][744]LogPlayLevel: PIE: StaticDuplicateObject took: (0.001082s)
[2018.07.23-16.05.03:998][744]LogAIModule: Creating AISystem for world MainGame
[2018.07.23-16.05.03:998][744]LogPlayLevel: PIE: World Init took: (0.000789s)
[2018.07.23-16.05.03:998][744]LogPlayLevel: PIE: Created PIE world by copying editor world from /Game/MainGame.MainGame to /Game/UEDPIE_0_MainGame.MainGame (0.002252s)
[2018.07.23-16.05.04:052][744]LogInit: XAudio2 using 'スピーカー (SoundCore 2 Stereo)' : 2 channels at 44.1 kHz using 16 bits per sample (channel mask 0x3)
[2018.07.23-16.05.04:063][744]LogInit: FAudioDevice initialized.
[2018.07.23-16.05.04:076][744]LogSlate: Updating window title bar state: overlay mode, drag disabled, window buttons hidden, title bar hidden
[2018.07.23-16.05.04:155][744]LogLoad: Game class is 'GameModeBase'
[2018.07.23-16.05.04:158][744]LogWorld: Bringing World /Game/UEDPIE_0_MainGame.MainGame up for play (max tick rate 0) at 2018.07.24-01.05.04
[2018.07.23-16.05.04:158][744]LogWorld: Bringing up level for play took: 0.000725
[2018.07.23-16.05.04:174][744]LogGameMode: FindPlayerStart: PATHS NOT DEFINED or NO PLAYERSTART with positive rating
[2018.07.23-16.05.04:182][744]LogContentBrowser: Native class hierarchy updated for 'MovieSceneCapture' in 0.0005 seconds. Added 10 classes and 0 folders.
[2018.07.23-16.05.04:188][744]PIE: /Game/UEDPIE_0_MainGame 1.168のプレイ イン エディタの開始時間
[2018.07.23-16.05.04:220][744]LogRenderer: Reallocating scene render targets to support 1292x756 Format 10 NumSamples 1 (Frame:1).
[2018.07.23-16.05.07:254][101]LogSlate: Window 'Amber ゲームプレビュー Standalone (64-ビット/PCD3D_SM5)' being destroyed
[2018.07.23-16.05.07:297][101]LogPlayLevel: Display: Shutting down PIE online subsystems
[2018.07.23-16.05.07:350][102]LogPlayLevel: Display: Destroying online subsystem :Context_1
[2018.07.23-16.05.08:710][263]LogAssetEditorManager: Opening Asset editor for World /Game/MainGame.MainGame
[2018.07.23-16.05.08:755][263]Cmd: MAP LOAD FILE="D:/UE4/Amber/Content/MainGame.umap" TEMPLATE=0 SHOWPROGRESS=1 FEATURELEVEL=3
[2018.07.23-16.05.08:755][263]LightingResults: New page: ライティングのビルド
[2018.07.23-16.05.08:756][263]LoadErrors: New page: マップをロード中: MainGame.umap
[2018.07.23-16.05.08:757][263]MapCheck: New page: マップをチェック
[2018.07.23-16.05.08:757][263]LightingResults: New page: <何も選択されていません>
[2018.07.23-16.05.08:795][263]LogAIModule: Creating AISystem for world MainGame
[2018.07.23-16.05.08:796][263]LogEditorServer: Finished looking for orphan Actors (0.000 secs)
[2018.07.23-16.05.08:849][263]Cmd: MAP CHECKDEP NOCLEARLOG
[2018.07.23-16.05.08:989][263]MapCheck: マップチェックが完了: 0 エラー、 0 警告、完了に 139.682ミリ秒かかりました。
[2018.07.23-16.05.08:991][263]LogFileHelpers: Loading map 'MainGame' took 0.237
[2018.07.23-16.05.17:578][284]LogAssetEditorManager: Opening Asset editor for World /Game/MainGame.MainGame
[2018.07.23-16.05.17:622][284]Cmd: MAP LOAD FILE="D:/UE4/Amber/Content/MainGame.umap" TEMPLATE=0 SHOWPROGRESS=1 FEATURELEVEL=3
[2018.07.23-16.05.17:623][284]LightingResults: New page: ライティングのビルド
[2018.07.23-16.05.17:623][284]LoadErrors: New page: マップをロード中: MainGame.umap
[2018.07.23-16.05.17:624][284]MapCheck: New page: マップをチェック
[2018.07.23-16.05.17:624][284]LightingResults: New page: <何も選択されていません>
[2018.07.23-16.05.17:662][284]LogAIModule: Creating AISystem for world MainGame
[2018.07.23-16.05.17:663][284]LogEditorServer: Finished looking for orphan Actors (0.000 secs)
[2018.07.23-16.05.17:715][284]Cmd: MAP CHECKDEP NOCLEARLOG
[2018.07.23-16.05.17:817][284]MapCheck: マップチェックが完了: 0 エラー、 0 警告、完了に 101.977ミリ秒かかりました。
[2018.07.23-16.05.17:818][284]LogFileHelpers: Loading map 'MainGame' took 0.197
[2018.07.23-16.05.26:087][258]LogSlate: Window 'Amber - Unreal Editor' being destroyed
[2018.07.23-16.05.26:092][258]LogWindowsTextInputMethodSystem: Display: IME system now activated using TSF (Microsoft IME).
[2018.07.23-16.05.26:277][259]Cmd: QUIT_EDITOR
[2018.07.23-16.05.27:270][259]LogExit: Preparing to exit.
[2018.07.23-16.05.27:545][259]LogExit: Editor shut down
[2018.07.23-16.05.27:545][259]LogExit: Transaction tracking system shut down
[2018.07.23-16.05.28:156][259]LogExit: Object subsystem successfully closed.
[2018.07.23-16.05.28:230][259]LogShaderCompilers: Display: Shaders left to compile 0
[2018.07.23-16.05.28:236][259]LogD3D11RHI: Shutdown
[2018.07.23-16.05.28:236][259]LogD3D11RHI: CleanupD3DDevice
[2018.07.23-16.05.28:241][259]LogD3D11RHI: ~FD3D11DynamicRHI
[2018.07.23-16.05.28:284][259]LogModuleManager: Shutting down and abandoning module MovieSceneCapture (618)
[2018.07.23-16.05.28:284][259]LogModuleManager: Shutting down and abandoning module Voice (616)
[2018.07.23-16.05.28:284][259]LogModuleManager: Shutting down and abandoning module HierarchicalLODOutliner (614)
[2018.07.23-16.05.28:284][259]LogModuleManager: Shutting down and abandoning module SceneOutliner (612)
[2018.07.23-16.05.28:284][259]LogModuleManager: Shutting down and abandoning module AddContentDialog (610)
[2018.07.23-16.05.28:285][259]LogModuleManager: Shutting down and abandoning module WidgetCarousel (609)
[2018.07.23-16.05.28:285][259]LogModuleManager: Shutting down and abandoning module EditorWidgets (606)
[2018.07.23-16.05.28:285][259]LogModuleManager: Shutting down and abandoning module CollectionManager (604)
[2018.07.23-16.05.28:285][259]LogModuleManager: Shutting down and abandoning module HierarchicalLODUtilities (602)
[2018.07.23-16.05.28:285][259]LogModuleManager: Shutting down and abandoning module StatsViewer (600)
[2018.07.23-16.05.28:285][259]LogModuleManager: Shutting down and abandoning module FoliageEdit (598)
[2018.07.23-16.05.28:285][259]LogModuleManager: Shutting down and abandoning module LandscapeEditor (596)
[2018.07.23-16.05.28:286][259]LogModuleManager: Shutting down and abandoning module MeshPaintMode (594)
[2018.07.23-16.05.28:286][259]LogModuleManager: Shutting down and abandoning module SceneDepthPickerMode (592)
[2018.07.23-16.05.28:286][259]LogModuleManager: Shutting down and abandoning module ActorPickerMode (590)
[2018.07.23-16.05.28:286][259]LogModuleManager: Shutting down and abandoning module GeometryMode (588)
[2018.07.23-16.05.28:286][259]LogModuleManager: Shutting down and abandoning module TextureAlignMode (586)
[2018.07.23-16.05.28:286][259]LogModuleManager: Shutting down and abandoning module BspMode (584)
[2018.07.23-16.05.28:286][259]LogModuleManager: Shutting down and abandoning module PIEPreviewDeviceProfileSelector (582)
[2018.07.23-16.05.28:286][259]LogModuleManager: Shutting down and abandoning module SequenceRecorderSections (580)
[2018.07.23-16.05.28:286][259]LogModuleManager: Shutting down and abandoning module AutomationWorker (578)
[2018.07.23-16.05.28:286][259]LogModuleManager: Shutting down and abandoning module AudioCaptureEditor (576)
[2018.07.23-16.05.28:286][259]LogModuleManager: Shutting down and abandoning module SequenceRecorder (575)
[2018.07.23-16.05.28:286][259]LogModuleManager: Shutting down and abandoning module MatineeToLevelSequence (572)
[2018.07.23-16.05.28:286][259]LogModuleManager: Shutting down and abandoning module LevelSequenceEditor (570)
[2018.07.23-16.05.28:286][259]LogModuleManager: Shutting down and abandoning module PlacementMode (569)
[2018.07.23-16.05.28:286][259]LogModuleManager: Shutting down and abandoning module MaterialEditor (568)
[2018.07.23-16.05.28:287][259]LogModuleManager: Shutting down and abandoning module WmfMediaFactory (564)
[2018.07.23-16.05.28:287][259]LogModuleManager: Shutting down and abandoning module WmfMediaEditor (562)
[2018.07.23-16.05.28:287][259]LogModuleManager: Shutting down and abandoning module MediaPlayerEditor (560)
[2018.07.23-16.05.28:287][259]LogModuleManager: Shutting down and abandoning module OpenExrWrapper (558)
[2018.07.23-16.05.28:287][259]LogModuleManager: Shutting down and abandoning module ImgMediaFactory (556)
[2018.07.23-16.05.28:287][259]LogModuleManager: Shutting down and abandoning module ImgMediaEditor (554)
[2018.07.23-16.05.28:287][259]LogModuleManager: Shutting down and abandoning module AvfMediaFactory (552)
[2018.07.23-16.05.28:287][259]LogModuleManager: Shutting down and abandoning module AvfMediaEditor (550)
[2018.07.23-16.05.28:287][259]LogModuleManager: Shutting down and abandoning module AndroidMediaFactory (548)
[2018.07.23-16.05.28:287][259]LogModuleManager: Shutting down and abandoning module AndroidMediaEditor (546)
[2018.07.23-16.05.28:287][259]LogModuleManager: Shutting down and abandoning module MagicLeapCameraPreviewFactory (544)
[2018.07.23-16.05.28:287][259]LogModuleManager: Shutting down and abandoning module MagicLeapMediaFactory (542)
[2018.07.23-16.05.28:287][259]LogModuleManager: Shutting down and abandoning module MagicLeapMediaEditor (540)
[2018.07.23-16.05.28:287][259]LogModuleManager: Shutting down and abandoning module CharacterAI (538)
[2018.07.23-16.05.28:288][259]LogModuleManager: Shutting down and abandoning module SmartSnapping (536)
[2018.07.23-16.05.28:288][259]LogModuleManager: Shutting down and abandoning module SessionServices (534)
[2018.07.23-16.05.28:288][259]LogModuleManager: Shutting down and abandoning module ViewportSnapping (532)
[2018.07.23-16.05.28:288][259]LogModuleManager: Shutting down and abandoning module ViewportInteraction (530)
[2018.07.23-16.05.28:288][259]LogModuleManager: Shutting down and abandoning module ClothPainter (528)
[2018.07.23-16.05.28:288][259]LogModuleManager: Shutting down and abandoning module SkeletalMeshEditor (527)
[2018.07.23-16.05.28:288][259]LogModuleManager: Shutting down and abandoning module LogVisualizer (524)
[2018.07.23-16.05.28:288][259]LogModuleManager: Shutting down and abandoning module IntroTutorials (522)
[2018.07.23-16.05.28:288][259]LogModuleManager: Shutting down and abandoning module GameProjectGeneration (521)
[2018.07.23-16.05.28:288][259]LogModuleManager: Shutting down and abandoning module LuminPlatformEditor (518)
[2018.07.23-16.05.28:288][259]LogModuleManager: Shutting down and abandoning module IOSPlatformEditor (516)
[2018.07.23-16.05.28:288][259]LogModuleManager: Shutting down and abandoning module HTML5PlatformEditor (514)
[2018.07.23-16.05.28:288][259]LogModuleManager: Shutting down and abandoning module AndroidPlatformEditor (512)
[2018.07.23-16.05.28:289][259]LogModuleManager: Shutting down and abandoning module AndroidDeviceDetection (511)
[2018.07.23-16.05.28:893][259]LogModuleManager: Shutting down and abandoning module WindowsPlatformEditor (508)
[2018.07.23-16.05.28:893][259]LogModuleManager: Shutting down and abandoning module LuminRuntimeSettings (506)
[2018.07.23-16.05.28:893][259]LogModuleManager: Shutting down and abandoning module IOSRuntimeSettings (504)
[2018.07.23-16.05.28:893][259]LogModuleManager: Shutting down and abandoning module AndroidRuntimeSettings (502)
[2018.07.23-16.05.28:894][259]LogModuleManager: Shutting down and abandoning module InputBindingEditor (500)
[2018.07.23-16.05.28:894][259]LogModuleManager: Shutting down and abandoning module MergeActors (498)
[2018.07.23-16.05.28:894][259]LogModuleManager: Shutting down and abandoning module LocalizationDashboard (496)
[2018.07.23-16.05.28:894][259]LogModuleManager: Shutting down and abandoning module LocalizationService (495)
[2018.07.23-16.05.28:894][259]LogModuleManager: Shutting down and abandoning module HardwareTargeting (492)
[2018.07.23-16.05.28:895][259]LogModuleManager: Shutting down and abandoning module DeviceProfileEditor (490)
[2018.07.23-16.05.28:895][259]LogModuleManager: Shutting down and abandoning module UndoHistory (488)
[2018.07.23-16.05.28:895][259]LogModuleManager: Shutting down and abandoning module XmlParser (486)
[2018.07.23-16.05.28:895][259]LogModuleManager: Shutting down and abandoning module Blutility (484)
[2018.07.23-16.05.28:895][259]LogModuleManager: Shutting down and abandoning module ProjectSettingsViewer (482)
[2018.07.23-16.05.28:895][259]LogModuleManager: Shutting down and abandoning module ProjectTargetPlatformEditor (481)
[2018.07.23-16.05.28:896][259]LogModuleManager: Shutting down and abandoning module EditorSettingsViewer (478)
[2018.07.23-16.05.28:896][259]LogModuleManager: Shutting down and abandoning module SettingsEditor (476)
[2018.07.23-16.05.28:896][259]LogModuleManager: Shutting down and abandoning module ProjectLauncher (474)
[2018.07.23-16.05.28:896][259]LogModuleManager: Shutting down and abandoning module SessionFrontend (472)
[2018.07.23-16.05.28:896][259]LogModuleManager: Shutting down and abandoning module ProfilerClient (470)
[2018.07.23-16.05.28:896][259]LogModuleManager: Shutting down and abandoning module DeviceManager (468)
[2018.07.23-16.05.28:897][259]LogModuleManager: Shutting down and abandoning module TargetDeviceServices (467)
[2018.07.23-16.05.28:941][259]LogModuleManager: Shutting down and abandoning module AutomationController (464)
[2018.07.23-16.05.28:941][259]LogModuleManager: Shutting down and abandoning module AutomationWindow (462)
[2018.07.23-16.05.28:941][259]LogModuleManager: Shutting down and abandoning module Layers (460)
[2018.07.23-16.05.28:941][259]LogModuleManager: Shutting down and abandoning module ComponentVisualizers (458)
[2018.07.23-16.05.28:941][259]LogModuleManager: Shutting down and abandoning module DetailCustomizations (456)
[2018.07.23-16.05.28:941][259]LogModuleManager: Shutting down and abandoning module PackagesDialog (454)
[2018.07.23-16.05.28:942][259]LogModuleManager: Shutting down and abandoning module Persona (452)
[2018.07.23-16.05.28:942][259]LogModuleManager: Shutting down and abandoning module AdvancedPreviewScene (451)
[2018.07.23-16.05.28:942][259]LogModuleManager: Shutting down and abandoning module AnimGraph (449)
[2018.07.23-16.05.28:942][259]LogModuleManager: Shutting down and abandoning module Kismet (446)
[2018.07.23-16.05.28:942][259]LogModuleManager: Shutting down and abandoning module GraphEditor (444)
[2018.07.23-16.05.28:943][259]LogModuleManager: Shutting down and abandoning module ClassViewer (442)
[2018.07.23-16.05.28:943][259]LogModuleManager: Shutting down and abandoning module Toolbox (440)
[2018.07.23-16.05.28:943][259]LogModuleManager: Shutting down and abandoning module DesktopPlatform (439)
[2018.07.23-16.05.28:943][259]LogModuleManager: Shutting down and abandoning module ModuleUI (436)
[2018.07.23-16.05.28:943][259]LogModuleManager: Shutting down and abandoning module MovieSceneTools (434)
[2018.07.23-16.05.28:943][259]LogModuleManager: Shutting down and abandoning module OutputLog (432)
[2018.07.23-16.05.28:943][259]LogModuleManager: Shutting down and abandoning module GammaUI (430)
[2018.07.23-16.05.28:943][259]LogModuleManager: Shutting down and abandoning module Documentation (428)
[2018.07.23-16.05.28:944][259]LogModuleManager: Shutting down and abandoning module MovieSceneTracks (426)
[2018.07.23-16.05.28:944][259]LogModuleManager: Shutting down and abandoning module MovieScene (424)
[2018.07.23-16.05.28:944][259]LogModuleManager: Shutting down and abandoning module StreamingPauseRendering (422)
[2018.07.23-16.05.28:944][259]LogModuleManager: Shutting down and abandoning module LauncherPlatform (420)
[2018.07.23-16.05.28:944][259]LogModuleManager: Shutting down and abandoning module AnalyticsET (418)
[2018.07.23-16.05.28:944][259]LogModuleManager: Shutting down and abandoning module PortalServices (416)
[2018.07.23-16.05.28:944][259]LogModuleManager: Shutting down and abandoning module PortalRpc (414)
[2018.07.23-16.05.28:944][259]LogModuleManager: Shutting down and abandoning module MessagingRpc (412)
[2018.07.23-16.05.28:944][259]LogModuleManager: Shutting down and abandoning module AIModule (410)
[2018.07.23-16.05.28:945][259]LogModuleManager: Shutting down and abandoning module GameplayDebugger (409)
[2018.07.23-16.05.28:945][259]LogModuleManager: Shutting down and abandoning module AITestSuite (407)
[2018.07.23-16.05.28:945][259]LogModuleManager: Shutting down and abandoning module NavigationSystem (405)
[2018.07.23-16.05.28:945][259]LogModuleManager: Shutting down and abandoning module ProfilerService (402)
[2018.07.23-16.05.29:189][259]LogModuleManager: Shutting down and abandoning module TaskGraph (400)
[2018.07.23-16.05.29:189][259]LogModuleManager: Shutting down and abandoning module SteamVRController (398)
[2018.07.23-16.05.29:189][259]LogModuleManager: Shutting down and abandoning module ProceduralMeshComponentEditor (396)
[2018.07.23-16.05.29:189][259]LogModuleManager: Shutting down and abandoning module ProceduralMeshComponent (394)
[2018.07.23-16.05.29:190][259]LogModuleManager: Shutting down and abandoning module OculusInput (392)
[2018.07.23-16.05.29:190][259]LogModuleManager: Shutting down and abandoning module MobilePatchingUtils (390)
[2018.07.23-16.05.29:190][259]LogModuleManager: Shutting down and abandoning module EditableMesh (388)
[2018.07.23-16.05.29:190][259]LogModuleManager: Shutting down and abandoning module CustomMeshComponent (386)
[2018.07.23-16.05.29:190][259]LogModuleManager: Shutting down and abandoning module CableComponent (384)
[2018.07.23-16.05.29:190][259]LogModuleManager: Shutting down and abandoning module AudioCapture (382)
[2018.07.23-16.05.29:190][259]LogModuleManager: Shutting down and abandoning module ArchVisCharacter (380)
[2018.07.23-16.05.29:190][259]LogModuleManager: Shutting down and abandoning module AndroidPermission (378)
[2018.07.23-16.05.29:190][259]LogModuleManager: Shutting down and abandoning module NUTUnrealEngine4 (376)
[2018.07.23-16.05.29:190][259]LogModuleManager: Shutting down and abandoning module NetcodeUnitTest (374)
[2018.07.23-16.05.29:190][259]LogModuleManager: Shutting down and abandoning module MediaCompositingEditor (372)
[2018.07.23-16.05.29:190][259]LogModuleManager: Shutting down and abandoning module MediaCompositing (370)
[2018.07.23-16.05.29:190][259]LogModuleManager: Shutting down and abandoning module LinearTimecode (368)
[2018.07.23-16.05.29:190][259]LogModuleManager: Shutting down and abandoning module ImgMedia (366)
[2018.07.23-16.05.29:201][259]LogModuleManager: Shutting down and abandoning module HTML5Networking (364)
[2018.07.23-16.05.29:201][259]LogModuleManager: Shutting down and abandoning module GeometryCacheTracks (362)
[2018.07.23-16.05.29:202][259]LogModuleManager: Shutting down and abandoning module GeometryCacheSequencer (360)
[2018.07.23-16.05.29:202][259]LogModuleManager: Shutting down and abandoning module BackChannel (358)
[2018.07.23-16.05.29:202][259]LogModuleManager: Shutting down and abandoning module AppleVision (356)
[2018.07.23-16.05.29:202][259]LogModuleManager: Shutting down and abandoning module AppleImageUtils (354)
[2018.07.23-16.05.29:202][259]LogModuleManager: Shutting down and abandoning module AlembicImporter (352)
[2018.07.23-16.05.29:202][259]LogModuleManager: Shutting down and abandoning module AlembicLibrary (351)
[2018.07.23-16.05.29:202][259]LogModuleManager: Shutting down and abandoning module GeometryCache (350)
[2018.07.23-16.05.29:202][259]LogModuleManager: Shutting down and abandoning module GeometryCacheEd (349)
[2018.07.23-16.05.29:202][259]LogModuleManager: Shutting down and abandoning module DatasmithContentEditor (344)
[2018.07.23-16.05.29:203][259]LogModuleManager: Shutting down and abandoning module DatasmithContent (342)
[2018.07.23-16.05.29:203][259]LogModuleManager: Shutting down and abandoning module SpeedTreeImporter (340)
[2018.07.23-16.05.29:203][259]LogModuleManager: Shutting down and abandoning module PluginBrowser (338)
[2018.07.23-16.05.29:204][259]LogModuleManager: Shutting down and abandoning module MobileLauncherProfileWizard (336)
[2018.07.23-16.05.29:204][259]LogModuleManager: Shutting down and abandoning module PolygonModeling (334)
[2018.07.23-16.05.29:204][259]LogModuleManager: Shutting down and abandoning module MeshEditor (332)
[2018.07.23-16.05.29:204][259]LogModuleManager: Shutting down and abandoning module CryptoKeysOpenSSL (330)
[2018.07.23-16.05.29:204][259]LogModuleManager: Shutting down and abandoning module CryptoKeys (328)
[2018.07.23-16.05.29:204][259]LogModuleManager: Shutting down and abandoning module VisualStudioSourceCodeAccess (326)
[2018.07.23-16.05.29:204][259]LogModuleManager: Shutting down and abandoning module VisualStudioCodeSourceCodeAccess (324)
[2018.07.23-16.05.29:204][259]LogModuleManager: Shutting down and abandoning module UObjectPlugin (322)
[2018.07.23-16.05.29:205][259]LogModuleManager: Shutting down and abandoning module SubversionSourceControl (320)
[2018.07.23-16.05.29:205][259]LogModuleManager: Shutting down and abandoning module PerforceSourceControl (318)
[2018.07.23-16.05.29:205][259]LogModuleManager: Shutting down and abandoning module GitSourceControl (316)
[2018.07.23-16.05.29:205][259]LogModuleManager: Shutting down and abandoning module SourceControl (315)
[2018.07.23-16.05.29:205][259]LogModuleManager: Shutting down and abandoning module CLionSourceCodeAccess (312)
[2018.07.23-16.05.29:205][259]LogModuleManager: Shutting down and abandoning module LightPropagationVolumeEditor (310)
[2018.07.23-16.05.29:205][259]LogModuleManager: Shutting down and abandoning module PaperTiledImporter (308)
[2018.07.23-16.05.29:205][259]LogModuleManager: Shutting down and abandoning module PaperSpriteSheetImporter (306)
[2018.07.23-16.05.29:205][259]LogModuleManager: Shutting down and abandoning module Paper2DEditor (304)
[2018.07.23-16.05.29:206][259]LogModuleManager: Shutting down and abandoning module MeshPaint (303)
[2018.07.23-16.05.29:206][259]LogModuleManager: Shutting down and abandoning module Amber (300)
[2018.07.23-16.05.29:206][259]LogModuleManager: Shutting down and abandoning module RuntimePhysXCooking (298)
[2018.07.23-16.05.29:206][259]LogModuleManager: Shutting down and abandoning module PhysXVehiclesEditor (296)
[2018.07.23-16.05.29:206][259]LogModuleManager: Shutting down and abandoning module PhysXVehicles (294)
[2018.07.23-16.05.29:206][259]LogModuleManager: Shutting down and abandoning module OculusEditor (292)
[2018.07.23-16.05.29:206][259]LogModuleManager: Shutting down and abandoning module LocationServicesBPLibrary (290)
[2018.07.23-16.05.29:206][259]LogModuleManager: Shutting down and abandoning module ImmediatePhysicsEditor (288)
[2018.07.23-16.05.29:206][259]LogModuleManager: Shutting down and abandoning module ImmediatePhysics (286)
[2018.07.23-16.05.29:207][259]LogModuleManager: Shutting down and abandoning module ActorSequence (284)
[2018.07.23-16.05.29:207][259]LogModuleManager: Shutting down and abandoning module UdpMessaging (282)
[2018.07.23-16.05.29:308][259]LogModuleManager: Shutting down and abandoning module TcpMessaging (280)
[2018.07.23-16.05.29:409][259]LogModuleManager: Shutting down and abandoning module MagicLeapAudio (278)
[2018.07.23-16.05.29:409][259]LogModuleManager: Shutting down and abandoning module GameplayTagsEditor (276)
[2018.07.23-16.05.29:409][259]LogModuleManager: Shutting down and abandoning module FacialAnimationEditor (274)
[2018.07.23-16.05.29:409][259]LogModuleManager: Shutting down and abandoning module FacialAnimation (272)
[2018.07.23-16.05.29:409][259]LogModuleManager: Shutting down and abandoning module DataValidation (270)
[2018.07.23-16.05.29:409][259]LogModuleManager: Shutting down and abandoning module AssetManagerEditor (268)
[2018.07.23-16.05.29:409][259]LogModuleManager: Shutting down and abandoning module LevelEditor (267)
[2018.07.23-16.05.29:410][259]LogModuleManager: Shutting down and abandoning module PixelInspectorModule (266)
[2018.07.23-16.05.29:410][259]LogModuleManager: Shutting down and abandoning module CommonMenuExtensions (264)
[2018.07.23-16.05.29:411][259]LogModuleManager: Shutting down and abandoning module MainFrame (262)
[2018.07.23-16.05.29:411][259]LogModuleManager: Shutting down and abandoning module HotReload (261)
[2018.07.23-16.05.29:411][259]LogModuleManager: Shutting down and abandoning module ContentBrowser (257)
[2018.07.23-16.05.29:413][259]LogModuleManager: Shutting down and abandoning module TreeMap (255)
[2018.07.23-16.05.29:413][259]LogModuleManager: Shutting down and abandoning module LightPropagationVolumeRuntime (252)
[2018.07.23-16.05.29:413][259]LogModuleManager: Shutting down and abandoning module AISupportModule (250)
[2018.07.23-16.05.29:413][259]LogModuleManager: Shutting down and abandoning module Paper2D (248)
[2018.07.23-16.05.29:413][259]LogModuleManager: Shutting down and abandoning module WindowsMoviePlayer (246)
[2018.07.23-16.05.29:414][259]LogModuleManager: Shutting down and abandoning module WmfMedia (244)
[2018.07.23-16.05.29:417][259]LogModuleManager: Shutting down and abandoning module Media (243)
[2018.07.23-16.05.29:424][259]LogModuleManager: Shutting down and abandoning module PacketHandler (240)
[2018.07.23-16.05.29:424][259]LogModuleManager: Shutting down and abandoning module ClothingSystemEditor (238)
[2018.07.23-16.05.29:424][259]LogModuleManager: Shutting down and abandoning module ClothingSystemRuntime (236)
[2018.07.23-16.05.29:424][259]LogModuleManager: Shutting down and abandoning module MediaAssets (234)
[2018.07.23-16.05.29:424][259]LogModuleManager: Shutting down and abandoning module Overlay (232)
[2018.07.23-16.05.29:424][259]LogModuleManager: Shutting down and abandoning module OverlayEditor (231)
[2018.07.23-16.05.29:424][259]LogModuleManager: Shutting down and abandoning module VREditor (228)
[2018.07.23-16.05.29:424][259]LogModuleManager: Shutting down and abandoning module StringTableEditor (226)
[2018.07.23-16.05.29:425][259]LogModuleManager: Shutting down and abandoning module GameplayTasksEditor (224)
[2018.07.23-16.05.29:425][259]LogModuleManager: Shutting down and abandoning module BehaviorTreeEditor (222)
[2018.07.23-16.05.29:425][259]LogModuleManager: Shutting down and abandoning module FunctionalTesting (220)
[2018.07.23-16.05.29:425][259]LogModuleManager: Shutting down and abandoning module CollisionAnalyzer (218)
[2018.07.23-16.05.29:425][259]LogModuleManager: Shutting down and abandoning module WorkspaceMenuStructure (217)
[2018.07.23-16.05.29:425][259]LogModuleManager: Shutting down and abandoning module UMG (214)
[2018.07.23-16.05.29:425][259]LogModuleManager: Shutting down and abandoning module UMGEditor (213)
[2018.07.23-16.05.29:425][259]LogModuleManager: Shutting down and abandoning module Sequencer (212)
[2018.07.23-16.05.29:425][259]LogModuleManager: Shutting down and abandoning module MessageLog (209)
[2018.07.23-16.05.29:425][259]LogModuleManager: Shutting down and abandoning module SlateReflector (204)
[2018.07.23-16.05.29:425][259]LogModuleManager: Shutting down and abandoning module Slate (202)
[2018.07.23-16.05.29:425][259]LogModuleManager: Shutting down and abandoning module EditorStyle (200)
[2018.07.23-16.05.29:427][259]LogModuleManager: Shutting down and abandoning module MRMesh (198)
[2018.07.23-16.05.29:428][259]LogModuleManager: Shutting down and abandoning module SourceCodeAccess (196)
[2018.07.23-16.05.29:428][259]LogModuleManager: Shutting down and abandoning module HeadMountedDisplay (194)
[2018.07.23-16.05.29:428][259]LogModuleManager: Shutting down and abandoning module XAudio2 (192)
[2018.07.23-16.05.29:428][259]LogModuleManager: Shutting down and abandoning module Networking (190)
[2018.07.23-16.05.29:428][259]LogModuleManager: Shutting down and abandoning module Core (188)
[2018.07.23-16.05.29:428][259]LogModuleManager: Shutting down and abandoning module LevelSequence (186)
[2018.07.23-16.05.29:428][259]LogModuleManager: Shutting down and abandoning module KismetCompiler (184)
[2018.07.23-16.05.29:428][259]LogModuleManager: Shutting down and abandoning module MeshUtilities (182)
[2018.07.23-16.05.29:428][259]LogModuleManager: Shutting down and abandoning module MeshMergeUtilities (181)
[2018.07.23-16.05.29:428][259]LogModuleManager: Shutting down and abandoning module MeshReductionInterface (180)
[2018.07.23-16.05.29:428][259]LogModuleManager: Shutting down and abandoning module SimplygonSwarm (179)
[2018.07.23-16.05.29:428][259]LogModuleManager: Shutting down and abandoning module ProxyLODMeshReduction (177)
[2018.07.23-16.05.29:428][259]LogModuleManager: Shutting down and abandoning module SimplygonMeshReduction (175)
[2018.07.23-16.05.29:428][259]LogModuleManager: Shutting down and abandoning module QuadricMeshReduction (173)
[2018.07.23-16.05.29:428][259]LogModuleManager: Shutting down and abandoning module MaterialBaking (169)
[2018.07.23-16.05.29:429][259]LogModuleManager: Shutting down and abandoning module DirectoryWatcher (165)
[2018.07.23-16.05.29:429][259]LogModuleManager: Shutting down and abandoning module DerivedDataCache (162)
[2018.07.23-16.05.29:832][259]LogDerivedDataCache: Shutdown
[2018.07.23-16.05.29:832][259]LogModuleManager: Shutting down and abandoning module XGEController (160)
[2018.07.23-16.05.29:832][259]LogModuleManager: Shutting down and abandoning module TargetPlatform (158)
[2018.07.23-16.05.29:832][259]LogModuleManager: Shutting down and abandoning module VulkanShaderFormat (157)
[2018.07.23-16.05.29:832][259]LogModuleManager: Shutting down and abandoning module ShaderFormatVectorVM (155)
[2018.07.23-16.05.29:832][259]LogModuleManager: Shutting down and abandoning module ShaderFormatOpenGL (153)
[2018.07.23-16.05.29:832][259]LogModuleManager: Shutting down and abandoning module ShaderFormatD3D (151)
[2018.07.23-16.05.29:832][259]LogModuleManager: Shutting down and abandoning module MetalShaderFormat (149)
[2018.07.23-16.05.29:832][259]LogModuleManager: Shutting down and abandoning module TextureFormatUncompressed (147)
[2018.07.23-16.05.29:833][259]LogModuleManager: Shutting down and abandoning module TextureFormatPVR (145)
[2018.07.23-16.05.29:833][259]LogModuleManager: Shutting down and abandoning module TextureFormatDXT (143)
[2018.07.23-16.05.29:833][259]LogModuleManager: Shutting down and abandoning module TextureFormatIntelISPCTexComp (141)
[2018.07.23-16.05.29:835][259]LogModuleManager: Shutting down and abandoning module TextureFormatASTC (139)
[2018.07.23-16.05.29:836][259]LogModuleManager: Shutting down and abandoning module ImageWrapper (138)
[2018.07.23-16.05.29:836][259]LogModuleManager: Shutting down and abandoning module TextureFormatAndroid (135)
[2018.07.23-16.05.29:836][259]LogModuleManager: Shutting down and abandoning module AudioFormatOpus (133)
[2018.07.23-16.05.29:836][259]LogModuleManager: Shutting down and abandoning module AudioFormatOgg (131)
[2018.07.23-16.05.29:836][259]LogModuleManager: Shutting down and abandoning module AudioFormatADPCM (129)
[2018.07.23-16.05.29:836][259]LogModuleManager: Shutting down and abandoning module LuminTargetPlatform (127)
[2018.07.23-16.05.29:836][259]LogModuleManager: Shutting down and abandoning module LinuxTargetPlatform (125)
[2018.07.23-16.05.29:836][259]LogModuleManager: Shutting down and abandoning module LinuxServerTargetPlatform (123)
[2018.07.23-16.05.29:836][259]LogModuleManager: Shutting down and abandoning module LinuxNoEditorTargetPlatform (121)
[2018.07.23-16.05.29:837][259]LogModuleManager: Shutting down and abandoning module LinuxClientTargetPlatform (119)
[2018.07.23-16.05.29:837][259]LogModuleManager: Shutting down and abandoning module TVOSTargetPlatform (117)
[2018.07.23-16.05.29:838][259]LogModuleManager: Shutting down and abandoning module Messaging (115)
[2018.07.23-16.05.29:838][259]LogModuleManager: Shutting down and abandoning module IOSTargetPlatform (113)
[2018.07.23-16.05.29:839][259]LogModuleManager: Shutting down and abandoning module HTML5TargetPlatform (111)
[2018.07.23-16.05.29:839][259]LogModuleManager: Shutting down and abandoning module AndroidTargetPlatform (109)
[2018.07.23-16.05.29:849][259]LogModuleManager: Shutting down and abandoning module WindowsTargetPlatform (107)
[2018.07.23-16.05.29:849][259]LogModuleManager: Shutting down and abandoning module WindowsServerTargetPlatform (105)
[2018.07.23-16.05.29:849][259]LogModuleManager: Shutting down and abandoning module WindowsNoEditorTargetPlatform (103)
[2018.07.23-16.05.29:849][259]LogModuleManager: Shutting down and abandoning module WindowsClientTargetPlatform (101)
[2018.07.23-16.05.29:849][259]LogModuleManager: Shutting down and abandoning module MacTargetPlatform (99)
[2018.07.23-16.05.29:849][259]LogModuleManager: Shutting down and abandoning module MacServerTargetPlatform (97)
[2018.07.23-16.05.29:849][259]LogModuleManager: Shutting down and abandoning module MacNoEditorTargetPlatform (95)
[2018.07.23-16.05.29:849][259]LogModuleManager: Shutting down and abandoning module MacClientTargetPlatform (93)
[2018.07.23-16.05.29:849][259]LogModuleManager: Shutting down and abandoning module AllDesktopTargetPlatform (91)
[2018.07.23-16.05.29:850][259]LogModuleManager: Shutting down and abandoning module InputCore (88)
[2018.07.23-16.05.29:850][259]LogModuleManager: Shutting down and abandoning module Settings (86)
[2018.07.23-16.05.29:850][259]LogModuleManager: Shutting down and abandoning module PhysXCooking (84)
[2018.07.23-16.05.29:850][259]LogModuleManager: Shutting down and abandoning module SteamVR (82)
[2018.07.23-16.05.29:850][259]LogModuleManager: Shutting down and abandoning module OculusHMD (80)
[2018.07.23-16.05.29:850][259]LogModuleManager: Shutting down and abandoning module ExampleDeviceProfileSelector (78)
[2018.07.23-16.05.29:850][259]LogModuleManager: Shutting down and abandoning module LauncherChunkInstaller (76)
[2018.07.23-16.05.29:850][259]LogModuleManager: Shutting down and abandoning module OnlineBlueprintSupport (74)
[2018.07.23-16.05.29:850][259]LogModuleManager: Shutting down and abandoning module OnlineSubsystem (70)
[2018.07.23-16.05.29:853][259]LogModuleManager: Shutting down and abandoning module XMPP (65)
[2018.07.23-16.05.29:853][259]LogModuleManager: Shutting down and abandoning module WebSockets (64)
[2018.07.23-16.05.29:869][259]LogModuleManager: Shutting down and abandoning module HTTP (61)
[2018.07.23-16.05.29:869][259]LogHttp: Display: Http module shutting down, but needs to wait on 1 outstanding Http requests:
[2018.07.23-16.05.29:869][259]LogHttp: Display: 	verb=[POST] url=[https://datarouter.ol.epicgames.com/datarouter/api/v1/public/data?SessionID=%7BF9B41579-4197-17D3-982C-A4BE73F7B3C2%7D&AppID=UEEditor.Rocket.Release&AppVersion=4.20.0-4212847%2B%2B%2BUE4%2BRelease-4.20&UserID=faa337d44b429d4eb88d0c9c304383c1%7C3d5b89c110e0463e9c714f944eb5afe6%7C0699e69d-0508-455f-9f46-5951db9291b0&AppEnvironment=datacollector-binary&UploadType=eteventstream] status=Processing
[2018.07.23-16.05.29:882][259]LogModuleManager: Shutting down and abandoning module SSL (60)
[2018.07.23-16.05.29:885][259]LogModuleManager: Shutting down and abandoning module MagicLeapEmulator (56)
[2018.07.23-16.05.29:885][259]LogModuleManager: Shutting down and abandoning module MagicLeapPrivileges (54)
[2018.07.23-16.05.29:885][259]LogModuleManager: Shutting down and abandoning module MagicLeapIdentity (52)
[2018.07.23-16.05.29:885][259]LogModuleManager: Shutting down and abandoning module MagicLeapHelperVulkan (50)
[2018.07.23-16.05.29:886][259]LogModuleManager: Shutting down and abandoning module MagicLeapHelperOpenGL (48)
[2018.07.23-16.05.29:886][259]LogModuleManager: Shutting down and abandoning module MagicLeapSecureStorage (46)
[2018.07.23-16.05.29:886][259]LogModuleManager: Shutting down and abandoning module MagicLeapGestures (44)
[2018.07.23-16.05.29:886][259]LogModuleManager: Shutting down and abandoning module MagicLeapEyeTracker (42)
[2018.07.23-16.05.29:886][259]LogModuleManager: Shutting down and abandoning module MagicLeapController (40)
[2018.07.23-16.05.29:886][259]LogSlate: Slate User Destroyed.  User Index 0, Is Virtual User: 0
[2018.07.23-16.05.29:886][259]LogModuleManager: Shutting down and abandoning module MagicLeap (38)
[2018.07.23-16.05.29:886][259]LogModuleManager: Shutting down and abandoning module AnimationModifiers (36)
[2018.07.23-16.05.29:886][259]LogModuleManager: Shutting down and abandoning module PropertyEditor (35)
[2018.07.23-16.05.29:886][259]LogModuleManager: Shutting down and abandoning module AudioEditor (32)
[2018.07.23-16.05.29:886][259]LogModuleManager: Shutting down and abandoning module TextureCompressor (30)
[2018.07.23-16.05.29:890][259]LogModuleManager: Shutting down and abandoning module ShaderCore (28)
[2018.07.23-16.05.29:890][259]LogModuleManager: Shutting down and abandoning module Landscape (26)
[2018.07.23-16.05.29:890][259]LogModuleManager: Shutting down and abandoning module SlateRHIRenderer (24)
[2018.07.23-16.05.29:891][259]LogModuleManager: Shutting down and abandoning module OpenGLDrv (22)
[2018.07.23-16.05.29:891][259]LogModuleManager: Shutting down and abandoning module D3D11RHI (20)
[2018.07.23-16.05.29:891][259]LogModuleManager: Shutting down and abandoning module AnimGraphRuntime (18)
[2018.07.23-16.05.29:891][259]LogModuleManager: Shutting down and abandoning module Renderer (16)
[2018.07.23-16.05.29:891][259]LogModuleManager: Shutting down and abandoning module Engine (14)
[2018.07.23-16.05.29:891][259]LogModuleManager: Shutting down and abandoning module CoreUObject (12)
[2018.07.23-16.05.29:891][259]LogModuleManager: Shutting down and abandoning module NetworkFile (10)
[2018.07.23-16.05.29:891][259]LogModuleManager: Shutting down and abandoning module CookedIterativeFile (8)
[2018.07.23-16.05.29:892][259]LogModuleManager: Shutting down and abandoning module StreamingFile (6)
[2018.07.23-16.05.29:892][259]LogModuleManager: Shutting down and abandoning module SandboxFile (4)
[2018.07.23-16.05.29:892][259]LogModuleManager: Shutting down and abandoning module PakFile (2)
[2018.07.23-16.05.29:940][259]LogExit: Exiting.
[2018.07.23-16.05.29:956][259]Log file closed, 07/24/18 01:05:29
